<testsuites failures="0" tests="6716"><testsuite failures="0" name="NSDateSPTAccountInterval" tests="4">
    <testcase classname="NSDateSPTAccountInterval" name="testDateMoreThan24HoursAgoIsTruthy" time="0.420" />
    <testcase classname="NSDateSPTAccountInterval" name="testDateMoreThan4DaysAgoIsTruthy" time="0.008" />
    <testcase classname="NSDateSPTAccountInterval" name="testDateNot24HoursAgoIsFalsy" time="0.005" />
    <testcase classname="NSDateSPTAccountInterval" name="testDateNot4DaysAgoIsFalsy" time="0.005" />
  </testsuite>
  <testsuite failures="0" name="NSURL_SPTAccountTests" tests="1">
    <testcase classname="NSURL_SPTAccountTests" name="testAccountUpsellURLIsConstructedCorrectly" time="0.005" />
  </testsuite>
  <testsuite failures="0" name="SPTAccountCurrentProductMonitorTests" tests="6">
    <testcase classname="SPTAccountCurrentProductMonitorTests" name="testAsksTrialControlleForTrialExpieryDate" time="0.008" />
    <testcase classname="SPTAccountCurrentProductMonitorTests" name="testCurrentProduct7dayTrial" time="0.006" />
    <testcase classname="SPTAccountCurrentProductMonitorTests" name="testCurrentProductFree" time="0.005" />
    <testcase classname="SPTAccountCurrentProductMonitorTests" name="testCurrentProductPremium" time="0.005" />
    <testcase classname="SPTAccountCurrentProductMonitorTests" name="testCurrentProductUnlimited" time="0.005" />
    <testcase classname="SPTAccountCurrentProductMonitorTests" name="testProductExpiryDateForProductState" time="0.006" />
  </testsuite>
  <testsuite failures="0" name="SPTAccountFeatureImplementationTests" tests="6">
    <testcase classname="SPTAccountFeatureImplementationTests" name="testCampaignURL" time="0.005" />
    <testcase classname="SPTAccountFeatureImplementationTests" name="testConfiguresFeatureDependenciesCorrectly" time="0.005" />
    <testcase classname="SPTAccountFeatureImplementationTests" name="testConformsToFeatureProtocol" time="0.004" />
    <testcase classname="SPTAccountFeatureImplementationTests" name="testExitURLs" time="0.005" />
    <testcase classname="SPTAccountFeatureImplementationTests" name="testFeatureIdentifier" time="0.005" />
    <testcase classname="SPTAccountFeatureImplementationTests" name="testisSpotifyPublicWebsiteURL" time="0.008" />
  </testsuite>
  <testsuite failures="0" name="SPTAccountPaymentFailureControllerTests" tests="4">
    <testcase classname="SPTAccountPaymentFailureControllerTests" name="testInactiveByDefault" time="0.006" />
    <testcase classname="SPTAccountPaymentFailureControllerTests" name="testInitialization" time="0.005" />
    <testcase classname="SPTAccountPaymentFailureControllerTests" name="testStartChangesActiveToYES" time="0.006" />
    <testcase classname="SPTAccountPaymentFailureControllerTests" name="testStopChangesActiveToNO" time="0.008" />
  </testsuite>
  <testsuite failures="0" name="SPTAccountProductActivationControllerImplementationTests" tests="7">
    <testcase classname="SPTAccountProductActivationControllerImplementationTests" name="testActivationObserverFailing" time="0.008" />
    <testcase classname="SPTAccountProductActivationControllerImplementationTests" name="testActivationObserverSuccess" time="0.005" />
    <testcase classname="SPTAccountProductActivationControllerImplementationTests" name="testActivationOrderForProduct7DayPremiumTrial" time="0.004" />
    <testcase classname="SPTAccountProductActivationControllerImplementationTests" name="testActivationOrderForProductBuyBasic" time="0.004" />
    <testcase classname="SPTAccountProductActivationControllerImplementationTests" name="testActivationOrderForProductBuyPremium" time="0.005" />
    <testcase classname="SPTAccountProductActivationControllerImplementationTests" name="testActivationOrderForProductBuyPremiumWith30DayFree" time="0.007" />
    <testcase classname="SPTAccountProductActivationControllerImplementationTests" name="testActivationOrderForProductNone" time="0.004" />
  </testsuite>
  <testsuite failures="0" name="SPTAccountProductInformationControllerImplementationTests" tests="7">
    <testcase classname="SPTAccountProductInformationControllerImplementationTests" name="testAvailableProductBuyPremium" time="0.006" />
    <testcase classname="SPTAccountProductInformationControllerImplementationTests" name="testAvailableProductBuyPremiumWith30DayFree" time="0.007" />
    <testcase classname="SPTAccountProductInformationControllerImplementationTests" name="testAvailableProductKVOAndObserver" time="0.007" />
    <testcase classname="SPTAccountProductInformationControllerImplementationTests" name="testAvailableProductNoneBecauseNoTrialAndNoPremoumProduct" time="0.005" />
    <testcase classname="SPTAccountProductInformationControllerImplementationTests" name="testAvailableProductNoneBecauseNoTrialExpiredAndNoPremoumProduct" time="0.005" />
    <testcase classname="SPTAccountProductInformationControllerImplementationTests" name="testAvailableProductTrial" time="0.005" />
    <testcase classname="SPTAccountProductInformationControllerImplementationTests" name="testUpgradeAvailableWithNoProductAvailable" time="0.005" />
  </testsuite>
  <testsuite failures="0" name="SPTBannerItemAccountPaymentFailureTests" tests="6">
    <testcase classname="SPTBannerItemAccountPaymentFailureTests" name="testAssertsProductInformationControllerExistance" time="0.009" />
    <testcase classname="SPTBannerItemAccountPaymentFailureTests" name="testCorrectPresentationDuration" time="0.007" />
    <testcase classname="SPTBannerItemAccountPaymentFailureTests" name="testCorrectPriority" time="0.005" />
    <testcase classname="SPTBannerItemAccountPaymentFailureTests" name="testCorrectStyle" time="0.005" />
    <testcase classname="SPTBannerItemAccountPaymentFailureTests" name="testSupportedPaymentStatesYieldsBannerItem" time="0.006" />
    <testcase classname="SPTBannerItemAccountPaymentFailureTests" name="testUnsupportedPaymentStatesYieldsNil" time="0.005" />
  </testsuite>
  <testsuite failures="0" name="SPTCampaignViewControllerTests" tests="3">
    <testcase classname="SPTCampaignViewControllerTests" name="testViewControllerLoadsCorrectURL" time="0.006" />
    <testcase classname="SPTCampaignViewControllerTests" name="testViewControllerReturnsCorrectPageIdentifier" time="0.005" />
    <testcase classname="SPTCampaignViewControllerTests" name="testViewControllerReturnsCorrectPageURI" time="0.005" />
  </testsuite>
  <testsuite failures="0" name="SPTChurnLockDowngradeInteractorTests" tests="1">
    <testcase classname="SPTChurnLockDowngradeInteractorTests" name="testHermsRequestIsStarted" time="0.006" />
  </testsuite>
  <testsuite failures="0" name="SPTChurnLockObservationInteractorTests" tests="15">
    <testcase classname="SPTChurnLockObservationInteractorTests" name="testChurnLockIsDisabledByDefault" time="0.006" />
    <testcase classname="SPTChurnLockObservationInteractorTests" name="testChurnLockIsEnabledWhenAbbaFlagIsOff" time="0.006" />
    <testcase classname="SPTChurnLockObservationInteractorTests" name="testChurnLockWhenAbbaAndProductStateAreOn" time="0.006" />
    <testcase classname="SPTChurnLockObservationInteractorTests" name="testChurnLockWhenProductStateIsNonExisting" time="0.007" />
    <testcase classname="SPTChurnLockObservationInteractorTests" name="testChurnLockWhenProductStateIsOff" time="0.007" />
    <testcase classname="SPTChurnLockObservationInteractorTests" name="testCompoundStartObservationIsInvokedJustOnce" time="0.008" />
    <testcase classname="SPTChurnLockObservationInteractorTests" name="testDoubleStartDoesNotCreateNewObserver" time="0.008" />
    <testcase classname="SPTChurnLockObservationInteractorTests" name="testFeatureEnabledReducerHandlesNils" time="0.008" />
    <testcase classname="SPTChurnLockObservationInteractorTests" name="testFeatureEnabledReducerHandlesNonValidGroup" time="0.008" />
    <testcase classname="SPTChurnLockObservationInteractorTests" name="testFeatureEnabledReducerHandlesRightValues" time="0.007" />
    <testcase classname="SPTChurnLockObservationInteractorTests" name="testObservationReducerIsNilWhenObservationIsNotStarted" time="0.007" />
    <testcase classname="SPTChurnLockObservationInteractorTests" name="testProductStateReducerHandlesNils" time="0.007" />
    <testcase classname="SPTChurnLockObservationInteractorTests" name="testProductStateReducerHandlesNonValidValues" time="0.007" />
    <testcase classname="SPTChurnLockObservationInteractorTests" name="testProductStateReducerHandlesRighuValues" time="0.007" />
    <testcase classname="SPTChurnLockObservationInteractorTests" name="testStartChurnLockObservationReducerNotNil" time="0.007" />
  </testsuite>
  <testsuite failures="0" name="SPTChurnLockPlayerInteractorTests" tests="6">
    <testcase classname="SPTChurnLockPlayerInteractorTests" name="testPlayerIsNilAfterResume" time="0.008" />
    <testcase classname="SPTChurnLockPlayerInteractorTests" name="testPlayerIsNotNilAfterPause" time="0.008" />
    <testcase classname="SPTChurnLockPlayerInteractorTests" name="testPlayerPauses" time="0.008" />
    <testcase classname="SPTChurnLockPlayerInteractorTests" name="testPlayerResumes" time="0.008" />
    <testcase classname="SPTChurnLockPlayerInteractorTests" name="testPresenterIsAddedAsObserverAfterPause" time="0.008" />
    <testcase classname="SPTChurnLockPlayerInteractorTests" name="testPresenterIsRemovedAsObserverAfterResume" time="0.008" />
  </testsuite>
  <testsuite failures="0" name="SPTChurnLockTimechekInteractorTests" tests="5">
    <testcase classname="SPTChurnLockTimechekInteractorTests" name="testChurnLockIsDisabledIfSavedTimestampLessThan24Hours" time="0.008" />
    <testcase classname="SPTChurnLockTimechekInteractorTests" name="testChurnLockIsEnabledIfSavedTimestampMoreThan24Hours" time="0.007" />
    <testcase classname="SPTChurnLockTimechekInteractorTests" name="testTimestampCalculationLessThan24Hours" time="0.007" />
    <testcase classname="SPTChurnLockTimechekInteractorTests" name="testTimestampCalculationMoreThan24Hours" time="0.008" />
    <testcase classname="SPTChurnLockTimechekInteractorTests" name="testTimestapIsStoredWhenLockIsEnabled" time="0.008" />
  </testsuite>
  <testsuite failures="0" name="SPTPaymentStateTests" tests="7">
    <testcase classname="SPTPaymentStateTests" name="testCopying" time="0.009" />
    <testcase classname="SPTPaymentStateTests" name="testEquality" time="0.008" />
    <testcase classname="SPTPaymentStateTests" name="testHashing" time="0.008" />
    <testcase classname="SPTPaymentStateTests" name="testInequality" time="0.008" />
    <testcase classname="SPTPaymentStateTests" name="testPaymentStateFromString" time="0.008" />
    <testcase classname="SPTPaymentStateTests" name="testPaymentStateIssueFromString" time="0.008" />
    <testcase classname="SPTPaymentStateTests" name="testPaymentStateIssueStringToEnumValueMapContainsAllValues" time="0.008" />
  </testsuite>
  <testsuite failures="0" name="SPTProductPaymentStateControllerTests" tests="2">
    <testcase classname="SPTProductPaymentStateControllerTests" name="testInitialValue" time="0.008" />
    <testcase classname="SPTProductPaymentStateControllerTests" name="testObserver" time="0.009" />
  </testsuite>
  <testsuite failures="0" name="SPTResubProductExpiryTests" tests="7">
    <testcase classname="SPTResubProductExpiryTests" name="testDateParsing" time="0.011" />
    <testcase classname="SPTResubProductExpiryTests" name="testExpiryDateNilIfNoValue" time="0.008" />
    <testcase classname="SPTResubProductExpiryTests" name="testExpiryPeriod" time="0.009" />
    <testcase classname="SPTResubProductExpiryTests" name="testExpiryPeriodNoneWithoutExpiryDate" time="0.008" />
    <testcase classname="SPTResubProductExpiryTests" name="testNumberOfDaysRemaining" time="0.011" />
    <testcase classname="SPTResubProductExpiryTests" name="testNumberOfDaysRemainingWithoutExpiryDate" time="0.008" />
    <testcase classname="SPTResubProductExpiryTests" name="testNumberOfDaysRemainingZeroForToday" time="0.008" />
  </testsuite>
  <testsuite failures="0" name="SPTResubscriptionModalTests" tests="6">
    <testcase classname="SPTResubscriptionModalTests" name="testCompleteExpiryPeriod" time="0.009" />
    <testcase classname="SPTResubscriptionModalTests" name="testDismissalURLsAreIntercepted" time="0.008" />
    <testcase classname="SPTResubscriptionModalTests" name="testDismissalValuesAreIgnoredIfNotInPath" time="0.007" />
    <testcase classname="SPTResubscriptionModalTests" name="testResubscriptionModalIsDisabledByDefault" time="0.008" />
    <testcase classname="SPTResubscriptionModalTests" name="testShouldShowExpiryPeriod" time="0.008" />
    <testcase classname="SPTResubscriptionModalTests" name="testThatWebViewURLStringIsNilWhenNoToken" time="0.007" />
  </testsuite>
  <testsuite failures="0" name="AdFeatureTests" tests="10">
    <testcase classname="AdFeatureTests" name="testActivityStateAudioPause" time="0.014" />
    <testcase classname="AdFeatureTests" name="testActivityStateAudioPlayWatchNowPause" time="0.011" />
    <testcase classname="AdFeatureTests" name="testActivityStateAudioPlayWatchNowPlay" time="0.008" />
    <testcase classname="AdFeatureTests" name="testActivityStateWatchNowPlayAudioPause" time="0.006" />
    <testcase classname="AdFeatureTests" name="testActivityStateWatchNowPlayAudioPlay" time="0.007" />
    <testcase classname="AdFeatureTests" name="testComscoreUserAge" time="0.008" />
    <testcase classname="AdFeatureTests" name="testComscoreUserAndGenderString" time="0.008" />
    <testcase classname="AdFeatureTests" name="testComscoreUserGender" time="0.008" />
    <testcase classname="AdFeatureTests" name="testFireComscorePixel" time="0.008" />
    <testcase classname="AdFeatureTests" name="testHandleComscoreData" time="0.012" />
  </testsuite>
  <testsuite failures="0" name="AdsFeatureImplementationTest" tests="15">
    <testcase classname="AdsFeatureImplementationTest" name="testAddVideoPlaybackObserver" time="0.030" />
    <testcase classname="AdsFeatureImplementationTest" name="testFreeUserAllFlags" time="0.009" />
    <testcase classname="AdsFeatureImplementationTest" name="testFreeUserNoFlags" time="0.009" />
    <testcase classname="AdsFeatureImplementationTest" name="testIdentifier" time="0.007" />
    <testcase classname="AdsFeatureImplementationTest" name="testLoad_AdSettings" time="0.021" />
    <testcase classname="AdsFeatureImplementationTest" name="testLoad_Carplay" time="0.008" />
    <testcase classname="AdsFeatureImplementationTest" name="testLoad_FlagObserver" time="0.006" />
    <testcase classname="AdsFeatureImplementationTest" name="testLoad_LinkHandler" time="0.005" />
    <testcase classname="AdsFeatureImplementationTest" name="testPlayerProperties" time="0.004" />
    <testcase classname="AdsFeatureImplementationTest" name="testPremiumUserDisabled" time="0.005" />
    <testcase classname="AdsFeatureImplementationTest" name="testRemoveVideoPlaybackObserver" time="0.005" />
    <testcase classname="AdsFeatureImplementationTest" name="testResolverRegistration" time="0.014" />
    <testcase classname="AdsFeatureImplementationTest" name="testUnload_AdResolver" time="0.005" />
    <testcase classname="AdsFeatureImplementationTest" name="testUnload_FlagObserver" time="0.004" />
    <testcase classname="AdsFeatureImplementationTest" name="testVersion" time="0.010" />
  </testsuite>
  <testsuite failures="0" name="SPTAdAudioEntityTests" tests="1">
    <testcase classname="SPTAdAudioEntityTests" name="testMetadata" time="0.004" />
  </testsuite>
  <testsuite failures="0" name="SPTAdContextManagerTests" tests="8">
    <testcase classname="SPTAdContextManagerTests" name="testAddObserver" time="0.006" />
    <testcase classname="SPTAdContextManagerTests" name="testBeginNavigationContext" time="0.005" />
    <testcase classname="SPTAdContextManagerTests" name="testEndNavigationContextDifferent" time="0.005" />
    <testcase classname="SPTAdContextManagerTests" name="testEndNavigationContextSame" time="0.005" />
    <testcase classname="SPTAdContextManagerTests" name="testObserverBeginNavigation" time="0.006" />
    <testcase classname="SPTAdContextManagerTests" name="testObserverEndNavigation" time="0.007" />
    <testcase classname="SPTAdContextManagerTests" name="testObserverPlayOriginChange" time="0.010" />
    <testcase classname="SPTAdContextManagerTests" name="testRemoveObserver" time="0.009" />
  </testsuite>
  <testsuite failures="0" name="SPTAdCosmosBridgeTests" tests="15">
    <testcase classname="SPTAdCosmosBridgeTests" name="testClearSlot" time="0.012" />
    <testcase classname="SPTAdCosmosBridgeTests" name="testCreateSlot" time="0.012" />
    <testcase classname="SPTAdCosmosBridgeTests" name="testDel" time="0.012" />
    <testcase classname="SPTAdCosmosBridgeTests" name="testFetchSlot" time="0.012" />
    <testcase classname="SPTAdCosmosBridgeTests" name="testGet" time="0.009" />
    <testcase classname="SPTAdCosmosBridgeTests" name="testGetRewardTime" time="0.008" />
    <testcase classname="SPTAdCosmosBridgeTests" name="testNextContextSlot" time="0.013" />
    <testcase classname="SPTAdCosmosBridgeTests" name="testNextTrackSlot" time="0.012" />
    <testcase classname="SPTAdCosmosBridgeTests" name="testPerformOnReady" time="0.261" />
    <testcase classname="SPTAdCosmosBridgeTests" name="testPost" time="0.022" />
    <testcase classname="SPTAdCosmosBridgeTests" name="testPut" time="0.013" />
    <testcase classname="SPTAdCosmosBridgeTests" name="testRequestAdEndpoint" time="0.011" />
    <testcase classname="SPTAdCosmosBridgeTests" name="testSetRewardTime" time="0.013" />
    <testcase classname="SPTAdCosmosBridgeTests" name="testSub" time="0.008" />
    <testcase classname="SPTAdCosmosBridgeTests" name="testTriggerSlot" time="0.013" />
  </testsuite>
  <testsuite failures="0" name="SPTAdEntityTests" tests="2">
    <testcase classname="SPTAdEntityTests" name="testIsEqual" time="0.008" />
    <testcase classname="SPTAdEntityTests" name="testMetadata" time="0.008" />
  </testsuite>
  <testsuite failures="0" name="SPTAdFeatureFlagChecksTest" tests="10">
    <testcase classname="SPTAdFeatureFlagChecksTest" name="testAdPartnersPreferencesEnabled" time="0.009" />
    <testcase classname="SPTAdFeatureFlagChecksTest" name="testAdQualityAbbaFlag" time="0.009" />
    <testcase classname="SPTAdFeatureFlagChecksTest" name="testFeatureFlagCheckFreeUserAllFlags" time="0.009" />
    <testcase classname="SPTAdFeatureFlagChecksTest" name="testFeatureFlagCheckFreeUserNoFlags" time="0.009" />
    <testcase classname="SPTAdFeatureFlagChecksTest" name="testFeatureFlagCheckPremiumUserDisabled" time="0.008" />
    <testcase classname="SPTAdFeatureFlagChecksTest" name="testLocalNotificationsEnabled" time="0.008" />
    <testcase classname="SPTAdFeatureFlagChecksTest" name="testNilsenAbbaFlag" time="0.008" />
    <testcase classname="SPTAdFeatureFlagChecksTest" name="testRefocusAutoOptinEnabled" time="0.009" />
    <testcase classname="SPTAdFeatureFlagChecksTest" name="testSponsoredPlaylistAbbaFlag" time="0.009" />
    <testcase classname="SPTAdFeatureFlagChecksTest" name="testSponsoredSessionV2Flag" time="0.009" />
  </testsuite>
  <testsuite failures="0" name="SPTAdFeaturedActionHandlerTests" tests="7">
    <testcase classname="SPTAdFeaturedActionHandlerTests" name="testParseAction" time="0.009" />
    <testcase classname="SPTAdFeaturedActionHandlerTests" name="testPerformActionEmail" time="0.009" />
    <testcase classname="SPTAdFeaturedActionHandlerTests" name="testPerformActionFollowArtist" time="0.009" />
    <testcase classname="SPTAdFeaturedActionHandlerTests" name="testPerformActionFollowBadURI" time="0.009" />
    <testcase classname="SPTAdFeaturedActionHandlerTests" name="testPerformActionFollowPlaylist" time="0.010" />
    <testcase classname="SPTAdFeaturedActionHandlerTests" name="testPerformActionSave" time="0.009" />
    <testcase classname="SPTAdFeaturedActionHandlerTests" name="testPerfromActionPlay" time="0.008" />
  </testsuite>
  <testsuite failures="0" name="SPTAdFeaturedActionTests" tests="8">
    <testcase classname="SPTAdFeaturedActionTests" name="testFeaturedActionEmail" time="0.008" />
    <testcase classname="SPTAdFeaturedActionTests" name="testFeaturedActionFollow" time="0.008" />
    <testcase classname="SPTAdFeaturedActionTests" name="testFeaturedActionOptIn" time="0.008" />
    <testcase classname="SPTAdFeaturedActionTests" name="testFeaturedActionOptOut" time="0.008" />
    <testcase classname="SPTAdFeaturedActionTests" name="testFeaturedActionPlay" time="0.009" />
    <testcase classname="SPTAdFeaturedActionTests" name="testFeaturedActionSave" time="0.008" />
    <testcase classname="SPTAdFeaturedActionTests" name="testFeaturedActionTrigger" time="0.008" />
    <testcase classname="SPTAdFeaturedActionTests" name="testFeaturedActionUnknown" time="0.008" />
  </testsuite>
  <testsuite failures="0" name="SPTAdFocusManagerTests" tests="6">
    <testcase classname="SPTAdFocusManagerTests" name="testNotSettingFocusOnStartupIfAdsAreDisabled" time="0.009" />
    <testcase classname="SPTAdFocusManagerTests" name="testNotSettingFocusWhenDisabled" time="0.016" />
    <testcase classname="SPTAdFocusManagerTests" name="testSettingFocusOnStartupIfAdsAreEnabled" time="0.009" />
    <testcase classname="SPTAdFocusManagerTests" name="testSettingFocusWhenApplicationStateChanges" time="0.012" />
    <testcase classname="SPTAdFocusManagerTests" name="testSettingFocusWhenFeatureFlagsChange" time="0.009" />
    <testcase classname="SPTAdFocusManagerTests" name="testSettingFocusWhenFeatureFlagsLoad" time="0.009" />
  </testsuite>
  <testsuite failures="0" name="SPTAdGlobalSettingsControllerTests" tests="19">
    <testcase classname="SPTAdGlobalSettingsControllerTests" name="testDeletingEndpoint" time="0.010" />
    <testcase classname="SPTAdGlobalSettingsControllerTests" name="testDisableAdsOnPrerollSlotReason" time="0.009" />
    <testcase classname="SPTAdGlobalSettingsControllerTests" name="testDisableAdsOnWatchNowSlotReason" time="0.009" />
    <testcase classname="SPTAdGlobalSettingsControllerTests" name="testEnableAdsOnPrerollSlotReasonFollowingDisable" time="0.010" />
    <testcase classname="SPTAdGlobalSettingsControllerTests" name="testEnableAdsOnPrerollSlotReasonWithNoDisable" time="0.009" />
    <testcase classname="SPTAdGlobalSettingsControllerTests" name="testEnableAdsOnWatchNowSlotReasonFollowingDisable" time="0.009" />
    <testcase classname="SPTAdGlobalSettingsControllerTests" name="testEnableAdsOnWatchNowSlotReasonWithNoDisable" time="0.009" />
    <testcase classname="SPTAdGlobalSettingsControllerTests" name="testMatchedDisableEnablePrerollSlot" time="0.009" />
    <testcase classname="SPTAdGlobalSettingsControllerTests" name="testPutTargeting" time="0.009" />
    <testcase classname="SPTAdGlobalSettingsControllerTests" name="testQueueDisableCall" time="0.009" />
    <testcase classname="SPTAdGlobalSettingsControllerTests" name="testRemoveTargetingValueForKey" time="0.009" />
    <testcase classname="SPTAdGlobalSettingsControllerTests" name="testSetAppleIDFA" time="0.014" />
    <testcase classname="SPTAdGlobalSettingsControllerTests" name="testSetDeviceTargeting" time="0.013" />
    <testcase classname="SPTAdGlobalSettingsControllerTests" name="testSetLimitAdTracking" time="0.014" />
    <testcase classname="SPTAdGlobalSettingsControllerTests" name="testSetMidrollAdProducts" time="0.009" />
    <testcase classname="SPTAdGlobalSettingsControllerTests" name="testSetNoAdProducts" time="0.009" />
    <testcase classname="SPTAdGlobalSettingsControllerTests" name="testSetTargetingValueForKey" time="0.009" />
    <testcase classname="SPTAdGlobalSettingsControllerTests" name="testUnmatchedDisablePrerollSlot" time="0.010" />
    <testcase classname="SPTAdGlobalSettingsControllerTests" name="testUnmatchedEnablePrerollSlot" time="0.009" />
  </testsuite>
  <testsuite failures="0" name="SPTAdImageEntityTests" tests="1">
    <testcase classname="SPTAdImageEntityTests" name="testMetadata" time="0.008" />
  </testsuite>
  <testsuite failures="0" name="SPTAdLinkHandlerTests" tests="3">
    <testcase classname="SPTAdLinkHandlerTests" name="testConformsToProtocol" time="0.009" />
    <testcase classname="SPTAdLinkHandlerTests" name="testRequestPreview_CreativeID" time="0.008" />
    <testcase classname="SPTAdLinkHandlerTests" name="testRequestPreview_HexID" time="0.008" />
  </testsuite>
  <testsuite failures="0" name="SPTAdLocalNotificationManagerTests" tests="15">
    <testcase classname="SPTAdLocalNotificationManagerTests" name="testLifecycle" time="0.009" />
    <testcase classname="SPTAdLocalNotificationManagerTests" name="testShouldCancelNotification_WhenOpeningFromNotification" time="0.017" />
    <testcase classname="SPTAdLocalNotificationManagerTests" name="testShouldCancelNotification_WhileInactive_WhenOfferEnds" time="0.015" />
    <testcase classname="SPTAdLocalNotificationManagerTests" name="testShouldDeferOptIn_WhenOpeningFromNotification_AndAutoOptInEnabled" time="0.015" />
    <testcase classname="SPTAdLocalNotificationManagerTests" name="testShouldLogEvent_WhenOpeningFromNotification" time="0.015" />
    <testcase classname="SPTAdLocalNotificationManagerTests" name="testShouldLogEvent_WhileInactive_WhenOfferPlays" time="0.015" />
    <testcase classname="SPTAdLocalNotificationManagerTests" name="testShouldLogEvent_WithScreenLockedData_WhileInactive_WhenOfferPlays" time="0.016" />
    <testcase classname="SPTAdLocalNotificationManagerTests" name="testShouldLogEvent_WithScreenUnlockedData_WhileInactive_WhenOfferPlays" time="0.016" />
    <testcase classname="SPTAdLocalNotificationManagerTests" name="testShouldNotPresentNotification_WhileActive_WhenOfferPlays" time="0.016" />
    <testcase classname="SPTAdLocalNotificationManagerTests" name="testShouldNotPresentNotification_WhileInactive_WhenOfferPlaysAndNotificationsDisabled" time="0.015" />
    <testcase classname="SPTAdLocalNotificationManagerTests" name="testShouldNotPresentNotification_WhileInactive_WhenOfferPlaysAndNotificationSettingsUnavailable" time="0.016" />
    <testcase classname="SPTAdLocalNotificationManagerTests" name="testShouldPerformOptIn_WhenOpeningFromNotification" time="0.016" />
    <testcase classname="SPTAdLocalNotificationManagerTests" name="testShouldPresentNotification_WhileInactive_WhenOfferPlays" time="0.014" />
    <testcase classname="SPTAdLocalNotificationManagerTests" name="testShouldPresentNotification_WithEntityRewardTime_WhileInactive_WhenOfferPlays" time="0.016" />
    <testcase classname="SPTAdLocalNotificationManagerTests" name="testShouldPresentNotification_WithFallbackRewardTime_WhileInactive_WhenOfferPlays" time="0.015" />
  </testsuite>
  <testsuite failures="0" name="SPTAdMobileOverlayControllerTests" tests="9">
    <testcase classname="SPTAdMobileOverlayControllerTests" name="testConfigureOverlayWithNoInterval" time="0.011" />
    <testcase classname="SPTAdMobileOverlayControllerTests" name="testConfigureOverlayWithPositiveInterval" time="0.010" />
    <testcase classname="SPTAdMobileOverlayControllerTests" name="testConfigureOverlayWithZeroInterval" time="0.009" />
    <testcase classname="SPTAdMobileOverlayControllerTests" name="testShouldDisplay" time="0.009" />
    <testcase classname="SPTAdMobileOverlayControllerTests" name="testShouldDisplayPreview" time="0.010" />
    <testcase classname="SPTAdMobileOverlayControllerTests" name="testShouldNotDisplayWhenAnAdIsPlaying" time="0.009" />
    <testcase classname="SPTAdMobileOverlayControllerTests" name="testShouldNotDisplayWhenEntityIsTheWrongProduct" time="0.009" />
    <testcase classname="SPTAdMobileOverlayControllerTests" name="testShouldNotDisplayWhenInactivityIsTooShort" time="0.009" />
    <testcase classname="SPTAdMobileOverlayControllerTests" name="testShouldNotDisplayWhenNoEntityIsPresent" time="0.009" />
  </testsuite>
  <testsuite failures="0" name="SPTAdNielsenManagerTests" tests="3">
    <testcase classname="SPTAdNielsenManagerTests" name="testProvidesNielsenMeter" time="0.013" />
    <testcase classname="SPTAdNielsenManagerTests" name="testUpdateEnabledStateWhenFlagsChange" time="0.013" />
    <testcase classname="SPTAdNielsenManagerTests" name="testUpdateEnabledStateWhenFlagsLoad" time="0.012" />
  </testsuite>
  <testsuite failures="0" name="SPTAdNielsenSettingsSectionTests" tests="1">
    <testcase classname="SPTAdNielsenSettingsSectionTests" name="testNumberOfRows" time="0.008" />
  </testsuite>
  <testsuite failures="0" name="SPTAdNowPlayingManagerTests" tests="7">
    <testcase classname="SPTAdNowPlayingManagerTests" name="testCurrentPlayerState" time="0.019" />
    <testcase classname="SPTAdNowPlayingManagerTests" name="testHideShowNPVSponsoredSessionStartsHidden" time="0.009" />
    <testcase classname="SPTAdNowPlayingManagerTests" name="testHideShowNPVSponsoredSessionStartsShowing" time="0.009" />
    <testcase classname="SPTAdNowPlayingManagerTests" name="testIsPlayingAd" time="0.009" />
    <testcase classname="SPTAdNowPlayingManagerTests" name="testIsPlayingSkippableAd" time="0.010" />
    <testcase classname="SPTAdNowPlayingManagerTests" name="testIsPlayingVideoAd" time="0.009" />
    <testcase classname="SPTAdNowPlayingManagerTests" name="testSubscribeToAdBreakWhenReady" time="0.009" />
  </testsuite>
  <testsuite failures="0" name="SPTAdOptInManagerTests" tests="1">
    <testcase classname="SPTAdOptInManagerTests" name="testRefocusOptIn" time="0.010" />
  </testsuite>
  <testsuite failures="0" name="SPTAdOverlayImageContentViewControllerTests" tests="4">
    <testcase classname="SPTAdOverlayImageContentViewControllerTests" name="testActionButtonTapped" time="0.009" />
    <testcase classname="SPTAdOverlayImageContentViewControllerTests" name="testInitWithEntity" time="0.009" />
    <testcase classname="SPTAdOverlayImageContentViewControllerTests" name="testLoadView" time="0.014" />
    <testcase classname="SPTAdOverlayImageContentViewControllerTests" name="testViewDidLoad" time="0.013" />
  </testsuite>
  <testsuite failures="0" name="SPTAdOverlayOfferContentViewControllerTests" tests="4">
    <testcase classname="SPTAdOverlayOfferContentViewControllerTests" name="testActionButtonCallsTarget" time="0.012" />
    <testcase classname="SPTAdOverlayOfferContentViewControllerTests" name="testNoOfferControllerHasCorrectElements" time="0.010" />
    <testcase classname="SPTAdOverlayOfferContentViewControllerTests" name="testOptInControllerHasCorrectElements" time="0.011" />
    <testcase classname="SPTAdOverlayOfferContentViewControllerTests" name="testOptOutControllerHasCorrectElements" time="0.010" />
  </testsuite>
  <testsuite failures="0" name="SPTAdOverlayVideoContentViewControllerTests" tests="2">
    <testcase classname="SPTAdOverlayVideoContentViewControllerTests" name="testStringFromTime" time="0.011" />
    <testcase classname="SPTAdOverlayVideoContentViewControllerTests" name="testViewDidLoad" time="0.020" />
  </testsuite>
  <testsuite failures="0" name="SPTAdPartnersPreferencesSettingsSectionTests" tests="2">
    <testcase classname="SPTAdPartnersPreferencesSettingsSectionTests" name="testFooterText" time="0.008" />
    <testcase classname="SPTAdPartnersPreferencesSettingsSectionTests" name="testNumberOfRows" time="0.007" />
  </testsuite>
  <testsuite failures="0" name="SPTAdRegistryTests" tests="2">
    <testcase classname="SPTAdRegistryTests" name="testShouldAddEntity" time="0.045" />
    <testcase classname="SPTAdRegistryTests" name="testShouldNotifyObserver" time="0.009" />
  </testsuite>
  <testsuite failures="0" name="SPTAdRemoteControlPolicyTests" tests="31">
    <testcase classname="SPTAdRemoteControlPolicyTests" name="testBookmarkButtonPressedWithCompletion" time="0.008" />
    <testcase classname="SPTAdRemoteControlPolicyTests" name="testDislikeButtonPressedWithCompletion" time="0.008" />
    <testcase classname="SPTAdRemoteControlPolicyTests" name="testLikeButtonPressedWithCompletion" time="0.007" />
    <testcase classname="SPTAdRemoteControlPolicyTests" name="testLocalizedTitleForBookmarkCommand" time="0.008" />
    <testcase classname="SPTAdRemoteControlPolicyTests" name="testLocalizedTitleForDislikeCommand" time="0.008" />
    <testcase classname="SPTAdRemoteControlPolicyTests" name="testLocalizedTitleForLikeCommand" time="0.008" />
    <testcase classname="SPTAdRemoteControlPolicyTests" name="testObserver" time="0.008" />
    <testcase classname="SPTAdRemoteControlPolicyTests" name="testShouldBookmarkCommandBeAvailable" time="0.008" />
    <testcase classname="SPTAdRemoteControlPolicyTests" name="testShouldBookmarkCommandBeEnabled" time="0.008" />
    <testcase classname="SPTAdRemoteControlPolicyTests" name="testShouldDislikeCommandBeAvailable" time="0.008" />
    <testcase classname="SPTAdRemoteControlPolicyTests" name="testShouldDislikeCommandBeEnabled" time="0.007" />
    <testcase classname="SPTAdRemoteControlPolicyTests" name="testShouldDislikeCommandBeSelected" time="0.007" />
    <testcase classname="SPTAdRemoteControlPolicyTests" name="testShouldLikeCommandBeAvailable" time="0.008" />
    <testcase classname="SPTAdRemoteControlPolicyTests" name="testShouldLikeCommandBeEnabled" time="0.008" />
    <testcase classname="SPTAdRemoteControlPolicyTests" name="testShouldLikeCommandBeSelected" time="0.008" />
    <testcase classname="SPTAdRemoteControlPolicyTests" name="testShouldNextTrackCommandBeAvailable" time="0.008" />
    <testcase classname="SPTAdRemoteControlPolicyTests" name="testShouldNextTrackCommandBeEnabled" time="0.008" />
    <testcase classname="SPTAdRemoteControlPolicyTests" name="testShouldPreviousTrackCommandBeAvailable" time="0.008" />
    <testcase classname="SPTAdRemoteControlPolicyTests" name="testShouldPreviousTrackCommandBeEnabled" time="0.008" />
    <testcase classname="SPTAdRemoteControlPolicyTests" name="testShouldSeekBackwardCommandBeAvailable" time="0.008" />
    <testcase classname="SPTAdRemoteControlPolicyTests" name="testShouldSeekBackwardCommandBeEnabled" time="0.008" />
    <testcase classname="SPTAdRemoteControlPolicyTests" name="testShouldSeekForwardCommandBeAvailable" time="0.008" />
    <testcase classname="SPTAdRemoteControlPolicyTests" name="testShouldSeekForwardCommandBeEnabled" time="0.008" />
    <testcase classname="SPTAdRemoteControlPolicyTests" name="testShouldSkipBackwardCommandBeAvailable" time="0.008" />
    <testcase classname="SPTAdRemoteControlPolicyTests" name="testShouldSkipBackwardCommandBeEnabled" time="0.008" />
    <testcase classname="SPTAdRemoteControlPolicyTests" name="testShouldSkipForwardCommandBeAvailable" time="0.008" />
    <testcase classname="SPTAdRemoteControlPolicyTests" name="testShouldSkipForwardCommandBeEnabled" time="0.007" />
    <testcase classname="SPTAdRemoteControlPolicyTests" name="testSkipBackwardCommandIntervals" time="0.008" />
    <testcase classname="SPTAdRemoteControlPolicyTests" name="testSkipBackwardWithInterval" time="0.007" />
    <testcase classname="SPTAdRemoteControlPolicyTests" name="testSkipForwardCommandIntervals" time="0.008" />
    <testcase classname="SPTAdRemoteControlPolicyTests" name="testSkipForwardWithInterval" time="0.007" />
  </testsuite>
  <testsuite failures="0" name="SPTAdRewardTests" tests="2">
    <testcase classname="SPTAdRewardTests" name="testRewardTime" time="0.007" />
    <testcase classname="SPTAdRewardTests" name="testRewardUnknown" time="0.007" />
  </testsuite>
  <testsuite failures="0" name="SPTAdRulesManagerTests" tests="4">
    <testcase classname="SPTAdRulesManagerTests" name="testIsOptInEnabled" time="0.009" />
    <testcase classname="SPTAdRulesManagerTests" name="testIsOptOutEnabled" time="0.008" />
    <testcase classname="SPTAdRulesManagerTests" name="testMidrollPlayContextDisabled" time="0.009" />
    <testcase classname="SPTAdRulesManagerTests" name="testOptOutDisabledContexts" time="0.011" />
  </testsuite>
  <testsuite failures="0" name="SPTAdSponsoredSessionContentUnitProviderTests" tests="4">
    <testcase classname="SPTAdSponsoredSessionContentUnitProviderTests" name="testContentUnitProviderIsDisplayingEndcard" time="0.017" />
    <testcase classname="SPTAdSponsoredSessionContentUnitProviderTests" name="testContentUnitProviderIsNotDisplayingEndcardIfNotAttached" time="0.010" />
    <testcase classname="SPTAdSponsoredSessionContentUnitProviderTests" name="testContentUnitProviderIsNotDisplayingEndcardIfViewNotLoaded" time="0.011" />
    <testcase classname="SPTAdSponsoredSessionContentUnitProviderTests" name="testLastProvidedContentUnitIsEndCard" time="0.011" />
  </testsuite>
  <testsuite failures="0" name="SPTAdSponsoredSessionControllerTests" tests="6">
    <testcase classname="SPTAdSponsoredSessionControllerTests" name="testDismiss" time="0.010" />
    <testcase classname="SPTAdSponsoredSessionControllerTests" name="testDismissWhenNotPresented" time="0.011" />
    <testcase classname="SPTAdSponsoredSessionControllerTests" name="testInitialization" time="0.010" />
    <testcase classname="SPTAdSponsoredSessionControllerTests" name="testNotDismissedIfEndCardIsVisible" time="0.010" />
    <testcase classname="SPTAdSponsoredSessionControllerTests" name="testNotDismissedIfSponsoredSessionIsPlaying" time="0.011" />
    <testcase classname="SPTAdSponsoredSessionControllerTests" name="testPresent" time="0.011" />
  </testsuite>
  <testsuite failures="0" name="SPTAdTestingHandlerTests" tests="1">
    <testcase classname="SPTAdTestingHandlerTests" name="testAddStreamTime" time="0.008" />
  </testsuite>
  <testsuite failures="0" name="SPTAdVideoEntityTests" tests="1">
    <testcase classname="SPTAdVideoEntityTests" name="testMetadata" time="0.008" />
  </testsuite>
  <testsuite failures="0" name="SPTAdVideoEventReporterTests" tests="12">
    <testcase classname="SPTAdVideoEventReporterTests" name="testLogQuartiles" time="0.010" />
    <testcase classname="SPTAdVideoEventReporterTests" name="testNotLoggingAudioAds" time="0.009" />
    <testcase classname="SPTAdVideoEventReporterTests" name="testNotLoggingRegularVideos" time="0.009" />
    <testcase classname="SPTAdVideoEventReporterTests" name="testNotSendingNielsenImpressionWhenAbsent" time="0.010" />
    <testcase classname="SPTAdVideoEventReporterTests" name="testNotSendingNielsenImpressionWhenPreview" time="0.010" />
    <testcase classname="SPTAdVideoEventReporterTests" name="testSendingImpressionOnEnd" time="0.010" />
    <testcase classname="SPTAdVideoEventReporterTests" name="testSendingImpressionOnStart" time="0.010" />
    <testcase classname="SPTAdVideoEventReporterTests" name="testSendingImpressionOnThresholdAdaptive_DurationDeterminedAfterThreshold" time="0.010" />
    <testcase classname="SPTAdVideoEventReporterTests" name="testSendingImpressionOnThresholdAdaptive_DurationDeterminedBeforeThreshold" time="0.010" />
    <testcase classname="SPTAdVideoEventReporterTests" name="testSendingImpressionOnThresholdAdaptive_DurationNeverDetermined" time="0.010" />
    <testcase classname="SPTAdVideoEventReporterTests" name="testSendingImpressionOnThresholdFlatfile" time="0.010" />
    <testcase classname="SPTAdVideoEventReporterTests" name="testSendingNielsenImpressionWhenPresent" time="0.010" />
  </testsuite>
  <testsuite failures="0" name="SPTAdsAutoDetectionControllerTests" tests="4">
    <testcase classname="SPTAdsAutoDetectionControllerTests" name="testAutoDetectionCausesDeviceInfoOverride" time="0.009" />
    <testcase classname="SPTAdsAutoDetectionControllerTests" name="testDriverDistractionWorksWhenFlagOff" time="0.009" />
    <testcase classname="SPTAdsAutoDetectionControllerTests" name="testNoConflictWithDriverDistraction" time="0.009" />
    <testcase classname="SPTAdsAutoDetectionControllerTests" name="testSwitchBetweenAutoDetectionAndDriverDistraction" time="0.009" />
  </testsuite>
  <testsuite failures="0" name="SPTAdsDriverDistractionManagerTests" tests="2">
    <testcase classname="SPTAdsDriverDistractionManagerTests" name="testDriverDistractionDisabled" time="0.008" />
    <testcase classname="SPTAdsDriverDistractionManagerTests" name="testDriverDistractionEnabled" time="0.009" />
  </testsuite>
  <testsuite failures="0" name="SPTAdsManagerImplTests" tests="17">
    <testcase classname="SPTAdsManagerImplTests" name="testDisablePrerollAdExperience" time="0.010" />
    <testcase classname="SPTAdsManagerImplTests" name="testDisablesNavigationBarRightButtonDuringAd" time="0.010" />
    <testcase classname="SPTAdsManagerImplTests" name="testEnablePrerollAdExperience" time="0.010" />
    <testcase classname="SPTAdsManagerImplTests" name="testHandleAdTapAudio" time="0.010" />
    <testcase classname="SPTAdsManagerImplTests" name="testHandleAdTapForcedPreroll" time="0.010" />
    <testcase classname="SPTAdsManagerImplTests" name="testHandleAdTapMidrollCannotPlay" time="0.010" />
    <testcase classname="SPTAdsManagerImplTests" name="testHandleAdTapMidrollCanPlay" time="0.010" />
    <testcase classname="SPTAdsManagerImplTests" name="testHandleAdTapNoURL" time="0.010" />
    <testcase classname="SPTAdsManagerImplTests" name="testHandleAdTapPrerollButton" time="0.010" />
    <testcase classname="SPTAdsManagerImplTests" name="testHandleAdTapPrerollImage" time="0.010" />
    <testcase classname="SPTAdsManagerImplTests" name="testHandleAdTapVideoPlayback" time="0.010" />
    <testcase classname="SPTAdsManagerImplTests" name="testNavigationBarMinimizationDisabledDuringCosmosVideo" time="0.010" />
    <testcase classname="SPTAdsManagerImplTests" name="testNavigationBarMinimizationDisabledDuringForcedPreroll" time="0.011" />
    <testcase classname="SPTAdsManagerImplTests" name="testNavigationBarMinimizationEnabledAfterCosmosVideo" time="0.010" />
    <testcase classname="SPTAdsManagerImplTests" name="testNavigationBarMinimizationEnabledAfterForcedPreroll" time="0.010" />
    <testcase classname="SPTAdsManagerImplTests" name="testRestoresNavigationBarRightButtonAfterAd" time="0.011" />
    <testcase classname="SPTAdsManagerImplTests" name="testShouldAllowSkipControl" time="0.012" />
  </testsuite>
  <testsuite failures="0" name="SPTAdsMoatManagerTests" tests="11">
    <testcase classname="SPTAdsMoatManagerTests" name="testCurrentPlayheadMillisInvalidCMTime" time="0.011" />
    <testcase classname="SPTAdsMoatManagerTests" name="testCurrentPlayheadMillisNoAVPlayer" time="0.012" />
    <testcase classname="SPTAdsMoatManagerTests" name="testCurrentPlayheadMillisNoPlayerSource" time="0.014" />
    <testcase classname="SPTAdsMoatManagerTests" name="testCurrentPlayheadMillisValid" time="0.014" />
    <testcase classname="SPTAdsMoatManagerTests" name="testEndTracking" time="0.012" />
    <testcase classname="SPTAdsMoatManagerTests" name="testNotObservingIfMoatDisabledFromDFP" time="0.010" />
    <testcase classname="SPTAdsMoatManagerTests" name="testNotObservingIfNoLineItemOrCreativeId" time="0.010" />
    <testcase classname="SPTAdsMoatManagerTests" name="testPauseTracking" time="0.010" />
    <testcase classname="SPTAdsMoatManagerTests" name="testStartObserving" time="0.010" />
    <testcase classname="SPTAdsMoatManagerTests" name="testStartTracking" time="0.009" />
    <testcase classname="SPTAdsMoatManagerTests" name="testVideoTrackerIsInitialised" time="0.009" />
  </testsuite>
  <testsuite failures="0" name="SPTAdsViewModelTests" tests="19">
    <testcase classname="SPTAdsViewModelTests" name="testActiveEntityDependentSlot" time="0.010" />
    <testcase classname="SPTAdsViewModelTests" name="testAdContextManagerDidChange_Context" time="0.009" />
    <testcase classname="SPTAdsViewModelTests" name="testAdContextManagerDidChange_NilContext" time="0.008" />
    <testcase classname="SPTAdsViewModelTests" name="testAudioOfferAvailable" time="0.009" />
    <testcase classname="SPTAdsViewModelTests" name="testAudioOfferPlay" time="0.009" />
    <testcase classname="SPTAdsViewModelTests" name="testEndCardEndEvents" time="0.010" />
    <testcase classname="SPTAdsViewModelTests" name="testForcedPrerollFinish_PlayerError" time="0.010" />
    <testcase classname="SPTAdsViewModelTests" name="testForcedPrerollFinish_PlayerState" time="0.012" />
    <testcase classname="SPTAdsViewModelTests" name="testGiveRewardTime" time="0.010" />
    <testcase classname="SPTAdsViewModelTests" name="testNotClearingMidrollOnNonSponsoredPlaylist" time="0.009" />
    <testcase classname="SPTAdsViewModelTests" name="testOptInOfferEndEvents" time="0.009" />
    <testcase classname="SPTAdsViewModelTests" name="testOptOutOfferEndEvents" time="0.010" />
    <testcase classname="SPTAdsViewModelTests" name="testReportAdClickEndCard" time="0.010" />
    <testcase classname="SPTAdsViewModelTests" name="testReportAdClickMidroll" time="0.010" />
    <testcase classname="SPTAdsViewModelTests" name="testReportAdClickPreroll" time="0.010" />
    <testcase classname="SPTAdsViewModelTests" name="testRequestPrerollOffer_Logging" time="0.010" />
    <testcase classname="SPTAdsViewModelTests" name="testRequestPrerollOffer_Requests" time="0.010" />
    <testcase classname="SPTAdsViewModelTests" name="testSkipOffer" time="0.010" />
    <testcase classname="SPTAdsViewModelTests" name="testVideoEndEvents" time="0.009" />
  </testsuite>
  <testsuite failures="0" name="SPTCircularProgressViewTests" tests="4">
    <testcase classname="SPTCircularProgressViewTests" name="testAnimation" time="0.018" />
    <testcase classname="SPTCircularProgressViewTests" name="testApplyThemeUsesAllThemeProperties" time="0.009" />
    <testcase classname="SPTCircularProgressViewTests" name="testDisplayLinkLifeCycle" time="0.015" />
    <testcase classname="SPTCircularProgressViewTests" name="testRefreshUsesDataSource" time="0.008" />
  </testsuite>
  <testsuite failures="0" name="SPTSponsoredContextEntityDataTests" tests="5">
    <testcase classname="SPTSponsoredContextEntityDataTests" name="testInitWithPreviewDictionary" time="0.009" />
    <testcase classname="SPTSponsoredContextEntityDataTests" name="testPopulateSponsorshipDataValidData" time="0.007" />
    <testcase classname="SPTSponsoredContextEntityDataTests" name="testSponsoredContextEntityDataSetupBadData" time="0.007" />
    <testcase classname="SPTSponsoredContextEntityDataTests" name="testSponsoredContextEntityDataSetupValidFullData" time="0.006" />
    <testcase classname="SPTSponsoredContextEntityDataTests" name="testSponsoredContextEntityDataSetupValidPartialData" time="0.007" />
  </testsuite>
  <testsuite failures="0" name="SPTSponsoredContextManagerTests" tests="6">
    <testcase classname="SPTSponsoredContextManagerTests" name="testGetPreview" time="0.007" />
    <testcase classname="SPTSponsoredContextManagerTests" name="testHasSponsoredContextPreview" time="0.006" />
    <testcase classname="SPTSponsoredContextManagerTests" name="testIsContextSponsoredValid" time="0.005" />
    <testcase classname="SPTSponsoredContextManagerTests" name="testParseResponse" time="0.004" />
    <testcase classname="SPTSponsoredContextManagerTests" name="testRemovePreviewData" time="0.005" />
    <testcase classname="SPTSponsoredContextManagerTests" name="testSubscribeToPreviewSlot" time="0.005" />
  </testsuite>
  <testsuite failures="0" name="SPTSponsoredContextViewModelImplTests" tests="4">
    <testcase classname="SPTSponsoredContextViewModelImplTests" name="testShouldOpenNonSpotifyURLExternally" time="0.011" />
    <testcase classname="SPTSponsoredContextViewModelImplTests" name="testShouldOpenSpotifyURIInApp" time="0.013" />
    <testcase classname="SPTSponsoredContextViewModelImplTests" name="testShouldOpenSpotifyURLInApp" time="0.011" />
    <testcase classname="SPTSponsoredContextViewModelImplTests" name="testShouldTrackClick" time="0.007" />
  </testsuite>
  <testsuite failures="0" name="SPTArtistServiceImplementationTest" tests="5">
    <testcase classname="SPTArtistServiceImplementationTest" name="testProvideArtistAboutViewController" time="0.029" />
    <testcase classname="SPTArtistServiceImplementationTest" name="testProvideArtistAlbumsViewController" time="0.013" />
    <testcase classname="SPTArtistServiceImplementationTest" name="testProvideArtistPlaylistsViewController" time="0.012" />
    <testcase classname="SPTArtistServiceImplementationTest" name="testProvideArtistViewController" time="0.014" />
    <testcase classname="SPTArtistServiceImplementationTest" name="testProvideRelatedArtistsViewController" time="0.010" />
  </testsuite>
  <testsuite failures="0" name="ArtistFeatureTests" tests="1">
    <testcase classname="ArtistFeatureTests" name="testRequestURLFromArtistURL" time="0.008" />
  </testsuite>
  <testsuite failures="0" name="NSURLArtistTest" tests="23">
    <testcase classname="NSURLArtistTest" name="testAboutURL" time="0.009" />
    <testcase classname="NSURLArtistTest" name="testAlbumsURLs" time="0.008" />
    <testcase classname="NSURLArtistTest" name="testArtistFeatureAlbumTypeForAlbumsURL" time="0.008" />
    <testcase classname="NSURLArtistTest" name="testArtistFeatureAlbumTypeForAppearsOnURL" time="0.008" />
    <testcase classname="NSURLArtistTest" name="testArtistFeatureAlbumTypeForCompilationsURL" time="0.008" />
    <testcase classname="NSURLArtistTest" name="testArtistFeatureAlbumTypeForSinglesURL" time="0.008" />
    <testcase classname="NSURLArtistTest" name="testArtistID" time="0.008" />
    <testcase classname="NSURLArtistTest" name="testArtistIDWithNonArtistURL" time="0.007" />
    <testcase classname="NSURLArtistTest" name="testArtistURLFromAboutURL" time="0.006" />
    <testcase classname="NSURLArtistTest" name="testArtistURLFromAlbumURLs" time="0.006" />
    <testcase classname="NSURLArtistTest" name="testArtistURLFromPlaylistsURL" time="0.006" />
    <testcase classname="NSURLArtistTest" name="testArtistURLFromRelatedArtistsURL" time="0.005" />
    <testcase classname="NSURLArtistTest" name="testArtistURLs" time="0.005" />
    <testcase classname="NSURLArtistTest" name="testIsArtistAboutURL" time="0.004" />
    <testcase classname="NSURLArtistTest" name="testIsArtistAlbumsURL" time="0.005" />
    <testcase classname="NSURLArtistTest" name="testIsArtistAppearsOnURL" time="0.005" />
    <testcase classname="NSURLArtistTest" name="testIsArtistCompilationsURL" time="0.005" />
    <testcase classname="NSURLArtistTest" name="testIsArtistPlaylistsURL" time="0.006" />
    <testcase classname="NSURLArtistTest" name="testIsArtistRelatedArtistsURL" time="0.007" />
    <testcase classname="NSURLArtistTest" name="testIsArtistSinglesURL" time="0.007" />
    <testcase classname="NSURLArtistTest" name="testPlaylistsURL" time="0.006" />
    <testcase classname="NSURLArtistTest" name="testRelatedArtistsURL" time="0.006" />
    <testcase classname="NSURLArtistTest" name="testValidArtistURLs" time="0.007" />
  </testsuite>
  <testsuite failures="0" name="NSURL_SPTArtistConcertTests" tests="1">
    <testcase classname="NSURL_SPTArtistConcertTests" name="testSpotifyURIToPartnerURL" time="0.007" />
  </testsuite>
  <testsuite failures="0" name="SPTArtistAboutPreviewTableViewDataSourceTest" tests="4">
    <testcase classname="SPTArtistAboutPreviewTableViewDataSourceTest" name="test_whenDidHighlightRowAtIndexPath_thenItemTouchBlockIsInvoked" time="0.008" />
    <testcase classname="SPTArtistAboutPreviewTableViewDataSourceTest" name="test_whenDidSelectRowAtIndexPath_thenItemSelectedBlockIsInvoked" time="0.006" />
    <testcase classname="SPTArtistAboutPreviewTableViewDataSourceTest" name="test_whenSettingBackgroundImageURL_thenImageLoaderIsStarted" time="0.006" />
    <testcase classname="SPTArtistAboutPreviewTableViewDataSourceTest" name="test_whenWillDisplayCellAtIndexPath_thenAnImpressionIsLogged" time="0.006" />
  </testsuite>
  <testsuite failures="0" name="SPTArtistAboutSocialProofViewControllerTests" tests="1">
    <testcase classname="SPTArtistAboutSocialProofViewControllerTests" name="testLogSocialProof" time="0.857" />
  </testsuite>
  <testsuite failures="0" name="SPTArtistAboutViewControllerTests" tests="2">
    <testcase classname="SPTArtistAboutViewControllerTests" name="testDidLogScreenshot" time="1.213" />
    <testcase classname="SPTArtistAboutViewControllerTests" name="testDidLogSectionHits" time="5.192" />
  </testsuite>
  <testsuite failures="0" name="SPTArtistAboutViewDataTests" tests="15">
    <testcase classname="SPTArtistAboutViewDataTests" name="testParseListenersFromDictionary" time="0.008" />
    <testcase classname="SPTArtistAboutViewDataTests" name="testParseTopCityDataFromDictionary" time="0.007" />
    <testcase classname="SPTArtistAboutViewDataTests" name="testStyledMonthlyListenerCount" time="0.014" />
    <testcase classname="SPTArtistAboutViewDataTests" name="testSuccessfullyParseBiographyText" time="0.008" />
    <testcase classname="SPTArtistAboutViewDataTests" name="testSuccessfullyParseEmptyPayload" time="0.008" />
    <testcase classname="SPTArtistAboutViewDataTests" name="testSuccessfullyParseGlobalChartPosition" time="0.009" />
    <testcase classname="SPTArtistAboutViewDataTests" name="testSuccessfullyParseImages" time="0.009" />
    <testcase classname="SPTArtistAboutViewDataTests" name="testSuccessfullyParseListeners" time="0.009" />
    <testcase classname="SPTArtistAboutViewDataTests" name="testSuccessfullyParseMonthlyListeners" time="0.009" />
    <testcase classname="SPTArtistAboutViewDataTests" name="testSuccessfullyParseName" time="0.009" />
    <testcase classname="SPTArtistAboutViewDataTests" name="testSuccessfullyRemoveSearchLinksInBiographyText" time="0.009" />
    <testcase classname="SPTArtistAboutViewDataTests" name="testSuccessfullyRemoveSearchLinksInBiographyTextAfterReplacingEndlines" time="0.008" />
    <testcase classname="SPTArtistAboutViewDataTests" name="testSuccessfullyReplaceEndlinesInBiographyText" time="0.009" />
    <testcase classname="SPTArtistAboutViewDataTests" name="testSuccessfullySanitizeBiographyText" time="0.009" />
    <testcase classname="SPTArtistAboutViewDataTests" name="testValidListenerImageURL" time="0.009" />
  </testsuite>
  <testsuite failures="0" name="SPTArtistAboutViewModelTests" tests="7">
    <testcase classname="SPTArtistAboutViewModelTests" name="testNotifyDelegateOfLoadingAfterCancelledRequest" time="0.013" />
    <testcase classname="SPTArtistAboutViewModelTests" name="testNotifyDelegateOfLoadingAfterSuccessfulResponse" time="0.011" />
    <testcase classname="SPTArtistAboutViewModelTests" name="testNotifyDelegateOfLoadingAfterUnsuccessfulResponse" time="0.010" />
    <testcase classname="SPTArtistAboutViewModelTests" name="testParseEmptyJSONResponse" time="0.010" />
    <testcase classname="SPTArtistAboutViewModelTests" name="testParseErrorResponse" time="0.010" />
    <testcase classname="SPTArtistAboutViewModelTests" name="testParseValidConcertsResultsJSONResponse" time="0.010" />
    <testcase classname="SPTArtistAboutViewModelTests" name="testRequestToCorrectURLWithSocialProof" time="0.009" />
  </testsuite>
  <testsuite failures="0" name="SPTArtistAboutViewURLTests" tests="1">
    <testcase classname="SPTArtistAboutViewURLTests" name="testInitCorrectURLForArtistAboutViewEndpointWithoutSocialProof" time="0.008" />
  </testsuite>
  <testsuite failures="0" name="SPTArtistAlbumViewControllerTest" tests="4">
    <testcase classname="SPTArtistAlbumViewControllerTest" name="testLogTapOnTableViewCell" time="0.037" />
    <testcase classname="SPTArtistAlbumViewControllerTest" name="testLogViewLoadError" time="0.019" />
    <testcase classname="SPTArtistAlbumViewControllerTest" name="testNotNil" time="0.011" />
    <testcase classname="SPTArtistAlbumViewControllerTest" name="testViewModelDidLoadDataViewLoadingLog" time="0.018" />
  </testsuite>
  <testsuite failures="0" name="SPTArtistAlbumsViewModelTest" tests="6">
    <testcase classname="SPTArtistAlbumsViewModelTest" name="testArtistFeatureAlbumsString" time="0.010" />
    <testcase classname="SPTArtistAlbumsViewModelTest" name="testArtistFeatureAppearsOnString" time="0.010" />
    <testcase classname="SPTArtistAlbumsViewModelTest" name="testArtistFeatureCompilationsString" time="0.010" />
    <testcase classname="SPTArtistAlbumsViewModelTest" name="testArtistFeatureSinglesString" time="0.010" />
    <testcase classname="SPTArtistAlbumsViewModelTest" name="testNotNil" time="0.009" />
    <testcase classname="SPTArtistAlbumsViewModelTest" name="testParseSuccessfulResponseData" time="0.011" />
  </testsuite>
  <testsuite failures="0" name="SPTArtistArrayTableViewDataSourceTest" tests="13">
    <testcase classname="SPTArtistArrayTableViewDataSourceTest" name="testThatViewAllCellCheckReturnsFalse_indexHigherThanNumberOfRows" time="0.010" />
    <testcase classname="SPTArtistArrayTableViewDataSourceTest" name="testThatViewAllCellCheckReturnsFalse_zeroItems_collectionView" time="0.013" />
    <testcase classname="SPTArtistArrayTableViewDataSourceTest" name="testThatViewAllCellCheckReturnsFalse_zeroItems_tableView" time="0.009" />
    <testcase classname="SPTArtistArrayTableViewDataSourceTest" name="testThatViewAllCellCheckReturnsTrue_zeroItems_collectionView_forcedButton" time="0.011" />
    <testcase classname="SPTArtistArrayTableViewDataSourceTest" name="testThatViewAllCellCheckReturnsTrue_zeroItems_tableView_forcedButton" time="0.008" />
    <testcase classname="SPTArtistArrayTableViewDataSourceTest" name="testThatViewAllCellIdexIsFound_collectionView_lessItemsThanLimit_forcedButton" time="0.008" />
    <testcase classname="SPTArtistArrayTableViewDataSourceTest" name="testThatViewAllCellIdexIsFound_collectionView_moreItemsThanLimit_showViewAllButtonIsYES" time="0.007" />
    <testcase classname="SPTArtistArrayTableViewDataSourceTest" name="testThatViewAllCellIdexIsFound_tableView_lessItemsThanLimit_forcedButton" time="0.007" />
    <testcase classname="SPTArtistArrayTableViewDataSourceTest" name="testThatViewAllCellIdexIsFound_tableView_moreItemsThanLimit" time="0.007" />
    <testcase classname="SPTArtistArrayTableViewDataSourceTest" name="testThatViewAllCellIdexIsNotFound_collectionView_lessItemsThanLimit" time="0.007" />
    <testcase classname="SPTArtistArrayTableViewDataSourceTest" name="testThatViewAllCellIdexIsNotFound_collectionView_moreItemsThanLimit_showViewAllButtonIsNO" time="0.007" />
    <testcase classname="SPTArtistArrayTableViewDataSourceTest" name="testThatViewAllCellIdexIsNotFound_tableView_lessItemsThanLimit" time="0.008" />
    <testcase classname="SPTArtistArrayTableViewDataSourceTest" name="testThatViewAllCellIdexIsNotFound_tableView_moreItemsThanLimit_showViewAllButtonIsNO" time="0.006" />
  </testsuite>
  <testsuite failures="0" name="SPTArtistCombinedTableViewDataSourceTest" tests="5">
    <testcase classname="SPTArtistCombinedTableViewDataSourceTest" name="testThatFoundSectionIndexIsForTheFirstOccurence" time="0.007" />
    <testcase classname="SPTArtistCombinedTableViewDataSourceTest" name="testThatSectionIndexIsFound_matchingEmptyTitle" time="0.006" />
    <testcase classname="SPTArtistCombinedTableViewDataSourceTest" name="testThatSectionIndexIsFound_matchingNonEmptyTitle" time="0.006" />
    <testcase classname="SPTArtistCombinedTableViewDataSourceTest" name="testThatSectionIndexIsNSNotFound_noDataSources" time="0.005" />
    <testcase classname="SPTArtistCombinedTableViewDataSourceTest" name="testThatSectionIndexIsNSNotFound_noMatchingTitle" time="0.005" />
  </testsuite>
  <testsuite failures="0" name="SPTArtistConcertTests" tests="2">
    <testcase classname="SPTArtistConcertTests" name="testArrayFactory" time="0.006" />
    <testcase classname="SPTArtistConcertTests" name="testInitializer" time="0.005" />
  </testsuite>
  <testsuite failures="0" name="SPTArtistGalleryViewModelTest" tests="4">
    <testcase classname="SPTArtistGalleryViewModelTest" name="testInitWithInvalidData" time="0.005" />
    <testcase classname="SPTArtistGalleryViewModelTest" name="testInitWithValidData" time="0.007" />
    <testcase classname="SPTArtistGalleryViewModelTest" name="testScrollUserIntent" time="0.006" />
    <testcase classname="SPTArtistGalleryViewModelTest" name="testURLExtraction" time="0.005" />
  </testsuite>
  <testsuite failures="0" name="SPTArtistLoggerTests" tests="5">
    <testcase classname="SPTArtistLoggerTests" name="testLogArtistAboutDidNotSwipeSocialProof" time="0.008" />
    <testcase classname="SPTArtistLoggerTests" name="testLogArtistAboutPreviewCellImpression" time="0.006" />
    <testcase classname="SPTArtistLoggerTests" name="testLogArtistAboutSwipedSocialProof" time="0.006" />
    <testcase classname="SPTArtistLoggerTests" name="testLogArtistTapSocialProof" time="0.008" />
    <testcase classname="SPTArtistLoggerTests" name="testLogArtistViewedAboutView" time="0.006" />
  </testsuite>
  <testsuite failures="0" name="SPTArtistOverviewModelTests" tests="14">
    <testcase classname="SPTArtistOverviewModelTests" name="testAlbumsCount" time="0.095" />
    <testcase classname="SPTArtistOverviewModelTests" name="testAppearsOnCount" time="0.037" />
    <testcase classname="SPTArtistOverviewModelTests" name="testBiography" time="0.031" />
    <testcase classname="SPTArtistOverviewModelTests" name="testCompilationsCount" time="0.031" />
    <testcase classname="SPTArtistOverviewModelTests" name="testGlobalChartPosition" time="0.031" />
    <testcase classname="SPTArtistOverviewModelTests" name="testIsSpotlight" time="0.031" />
    <testcase classname="SPTArtistOverviewModelTests" name="testIsVerified" time="0.031" />
    <testcase classname="SPTArtistOverviewModelTests" name="testLatestRelease" time="0.031" />
    <testcase classname="SPTArtistOverviewModelTests" name="testLatestReleaseDoesNotExist" time="0.055" />
    <testcase classname="SPTArtistOverviewModelTests" name="testMonthlyListeners" time="0.035" />
    <testcase classname="SPTArtistOverviewModelTests" name="testPinnedItemDoesNotExist" time="0.050" />
    <testcase classname="SPTArtistOverviewModelTests" name="testPinnedItemExists" time="0.032" />
    <testcase classname="SPTArtistOverviewModelTests" name="testPlayableTracksCount" time="0.030" />
    <testcase classname="SPTArtistOverviewModelTests" name="testSinglesCount" time="0.030" />
  </testsuite>
  <testsuite failures="0" name="SPTArtistOverviewViewControllerTest" tests="3">
    <testcase classname="SPTArtistOverviewViewControllerTest" name="testNoCrashWhenFollowModelIsNil" time="0.037" />
    <testcase classname="SPTArtistOverviewViewControllerTest" name="testNotNil" time="0.011" />
    <testcase classname="SPTArtistOverviewViewControllerTest" name="testThatFollowButtonReflectsTheFollowStateWhenViewAppears" time="0.030" />
  </testsuite>
  <testsuite failures="0" name="SPTArtistOverviewViewControllerUITests" tests="2">
    <testcase classname="SPTArtistOverviewViewControllerUITests" name="testDidLogScreenshotWithAboutPreviewInView" time="1.687" />
    <testcase classname="SPTArtistOverviewViewControllerUITests" name="testDidLogScreenshotWithoutAboutPreviewInView" time="1.612" />
  </testsuite>
  <testsuite failures="0" name="SPTArtistTrackModelTests" tests="1">
    <testcase classname="SPTArtistTrackModelTests" name="testInitialization" time="0.008" />
  </testsuite>
  <testsuite failures="0" name="SPTArtistTracksTableViewDataSourceTest" tests="4">
    <testcase classname="SPTArtistTracksTableViewDataSourceTest" name="testThatCellIsConfiguredWithExplicitLabel_configureWithExplicitAndPremiumItem_flagDisabled" time="0.007" />
    <testcase classname="SPTArtistTracksTableViewDataSourceTest" name="testThatCellIsConfiguredWithExplicitLabel_configureWithExplicitItem" time="0.006" />
    <testcase classname="SPTArtistTracksTableViewDataSourceTest" name="testThatCellIsConfiguredWithoutSubtitleView_configureWithItem" time="0.006" />
    <testcase classname="SPTArtistTracksTableViewDataSourceTest" name="testThatCellIsConfiguredWithPremiumLabel_configureWithExplicitAndPremiumItem_flagEnabled" time="0.006" />
  </testsuite>
  <testsuite failures="0" name="SPTArtistViewModelTest" tests="1">
    <testcase classname="SPTArtistViewModelTest" name="testNotNil" time="0.005" />
  </testsuite>
  <testsuite failures="0" name="SPTArtistVolatileDataTest" tests="5">
    <testcase classname="SPTArtistVolatileDataTest" name="testInvalidVolatileDataMissingAllData" time="0.005" />
    <testcase classname="SPTArtistVolatileDataTest" name="testInvalidVolatileDataMissingSocialDict" time="0.005" />
    <testcase classname="SPTArtistVolatileDataTest" name="testInvalidVolatileDataMissingURL" time="0.005" />
    <testcase classname="SPTArtistVolatileDataTest" name="testInvalidVolatileDataMissingValues" time="0.006" />
    <testcase classname="SPTArtistVolatileDataTest" name="testValidVolatileData" time="0.007" />
  </testsuite>
  <testsuite failures="0" name="SPTArtistVolatileViewModelTest" tests="6">
    <testcase classname="SPTArtistVolatileViewModelTest" name="testNotifyDelegateOfEmptySuccessfulResponse" time="0.007" />
    <testcase classname="SPTArtistVolatileViewModelTest" name="testNotifyDelegateOfInvalidSuccessfulResponse" time="0.009" />
    <testcase classname="SPTArtistVolatileViewModelTest" name="testNotifyDelegateOfUnsuccessfulResponse" time="0.008" />
    <testcase classname="SPTArtistVolatileViewModelTest" name="testRequestDataAfterGoingOnline" time="0.006" />
    <testcase classname="SPTArtistVolatileViewModelTest" name="testRequestToCorrectURL" time="0.006" />
    <testcase classname="SPTArtistVolatileViewModelTest" name="testReturnSuccessfulResponse" time="0.008" />
  </testsuite>
  <testsuite failures="0" name="SPTClientEventLoggerArtistTest" tests="10">
    <testcase classname="SPTClientEventLoggerArtistTest" name="testLogArtistErrorEventWithErrorAndNonSerializableUserInfo" time="0.009" />
    <testcase classname="SPTClientEventLoggerArtistTest" name="testLogArtistErrorEventWithErrorAndSerializableUserInfo" time="0.009" />
    <testcase classname="SPTClientEventLoggerArtistTest" name="testLogArtistErrorEventWithNilURI" time="0.007" />
    <testcase classname="SPTClientEventLoggerArtistTest" name="testLogArtistErrorEventWithURI" time="0.007" />
    <testcase classname="SPTClientEventLoggerArtistTest" name="testLogArtistTapEventWithContextUriWithContextURI" time="0.006" />
    <testcase classname="SPTClientEventLoggerArtistTest" name="testLogArtistTapEventWithContextUriWithIndex" time="0.007" />
    <testcase classname="SPTClientEventLoggerArtistTest" name="testLogArtistTapEventWithContextUriWithTargetURI" time="0.006" />
    <testcase classname="SPTClientEventLoggerArtistTest" name="testLogArtistViewLoadingEventWithNilURI" time="0.007" />
    <testcase classname="SPTClientEventLoggerArtistTest" name="testLogArtistViewLoadingEventWithURI" time="0.007" />
    <testcase classname="SPTClientEventLoggerArtistTest" name="testNotNil" time="0.007" />
  </testsuite>
  <testsuite failures="0" name="SPTAuthAccountsErrorResponseURLBuilderTests" tests="5">
    <testcase classname="SPTAuthAccountsErrorResponseURLBuilderTests" name="testNilRedirectUrl" time="0.010" />
    <testcase classname="SPTAuthAccountsErrorResponseURLBuilderTests" name="testShouldCreateURL" time="0.008" />
    <testcase classname="SPTAuthAccountsErrorResponseURLBuilderTests" name="testShouldEncodeErrorAndDescription" time="0.012" />
    <testcase classname="SPTAuthAccountsErrorResponseURLBuilderTests" name="testShouldHandleExistingQueryParameters" time="0.010" />
    <testcase classname="SPTAuthAccountsErrorResponseURLBuilderTests" name="testShouldHandleNilDescription" time="0.009" />
  </testsuite>
  <testsuite failures="0" name="SPTAuthAccountsPreFlightResponseTests" tests="7">
    <testcase classname="SPTAuthAccountsPreFlightResponseTests" name="testShouldForwardURLWhenGivenURLWithAccessToken" time="0.010" />
    <testcase classname="SPTAuthAccountsPreFlightResponseTests" name="testShouldForwardURLWhenGivenURLWithErrorParameter" time="0.008" />
    <testcase classname="SPTAuthAccountsPreFlightResponseTests" name="testShouldSetStatusCompleteWhenGivenURLWithAccessToken" time="0.008" />
    <testcase classname="SPTAuthAccountsPreFlightResponseTests" name="testShouldSetStatusCompleteWhenGivenURLWithCode" time="0.010" />
    <testcase classname="SPTAuthAccountsPreFlightResponseTests" name="testShouldSetStatusDoAuthWithNoTokenAndNoCodeAndNoError" time="0.010" />
    <testcase classname="SPTAuthAccountsPreFlightResponseTests" name="testShouldSetStatusDoAuthWithUnknownErrorURLWhenGivenNilURL" time="0.010" />
    <testcase classname="SPTAuthAccountsPreFlightResponseTests" name="testShouldSetStatusErrorWhenGivenURLWithErrorParameter" time="0.012" />
  </testsuite>
  <testsuite failures="0" name="SPTAuthAccountsRequestTests" tests="8">
    <testcase classname="SPTAuthAccountsRequestTests" name="testShouldCreateValidUriMultipleScopes" time="0.009" />
    <testcase classname="SPTAuthAccountsRequestTests" name="testShouldCreateValidUriNoScopes" time="0.007" />
    <testcase classname="SPTAuthAccountsRequestTests" name="testShouldCreateValidUrl" time="0.007" />
    <testcase classname="SPTAuthAccountsRequestTests" name="testShouldDecodeRedirectURI" time="0.005" />
    <testcase classname="SPTAuthAccountsRequestTests" name="testShouldDecodeScopesWithPercentEncoding" time="0.005" />
    <testcase classname="SPTAuthAccountsRequestTests" name="testShouldHideLinksOnWebSite" time="0.005" />
    <testcase classname="SPTAuthAccountsRequestTests" name="testShouldHideSignoutLink" time="0.005" />
    <testcase classname="SPTAuthAccountsRequestTests" name="testShouldRemoveAnyGivenBundleIdParameterInQueryString" time="0.005" />
  </testsuite>
  <testsuite failures="0" name="SPTAuthRequestTests" tests="4">
    <testcase classname="SPTAuthRequestTests" name="testErrorousRequest" time="0.007" />
    <testcase classname="SPTAuthRequestTests" name="testRequestComplete" time="0.007" />
    <testcase classname="SPTAuthRequestTests" name="testRequestDoAuth" time="0.005" />
    <testcase classname="SPTAuthRequestTests" name="testTimesOutOnHermesRequestNotReturningOnTime" time="0.007" />
  </testsuite>
  <testsuite failures="0" name="STPAuthAccountsPreFlightRequestTests" tests="5">
    <testcase classname="STPAuthAccountsPreFlightRequestTests" name="testShouldCallbackWithCompleteStatusAndURIWhenGettingHTTPRedirect" time="0.009" />
    <testcase classname="STPAuthAccountsPreFlightRequestTests" name="testShouldCallbackWithCompleteWhenGettingHTTP200AndJsonResponseWithRedirect" time="0.008" />
    <testcase classname="STPAuthAccountsPreFlightRequestTests" name="testShouldCallbackWithDoAuthWhenGettingHTTP200AndJsonResponseButNoRedirect" time="0.008" />
    <testcase classname="STPAuthAccountsPreFlightRequestTests" name="testShouldCallbackWithDoAuthWhenGettingHTTP200ButNoRedirectURL" time="0.008" />
    <testcase classname="STPAuthAccountsPreFlightRequestTests" name="testShouldCallbackWithErrorWhenGettingNetworkError" time="0.009" />
  </testsuite>
  <testsuite failures="0" name="SPTCommunicationsControllerErrorObserverTests" tests="5">
    <testcase classname="SPTCommunicationsControllerErrorObserverTests" name="testErrorObserversMessagedWhenLoggedInConnecting" time="0.011" />
    <testcase classname="SPTCommunicationsControllerErrorObserverTests" name="testErrorObserversMessagedWhenLoggedInOffline" time="0.009" />
    <testcase classname="SPTCommunicationsControllerErrorObserverTests" name="testErrorObserversMessagedWhenLoggedInWithoutUser" time="0.007" />
    <testcase classname="SPTCommunicationsControllerErrorObserverTests" name="testErrorObserversMessagedWhenNotLoggedIn" time="0.008" />
    <testcase classname="SPTCommunicationsControllerErrorObserverTests" name="testErrorObserversMessagesWhenInvalidAuthToken" time="0.008" />
  </testsuite>
  <testsuite failures="0" name="SPTCommunicationsControllerImplementationTests" tests="11">
    <testcase classname="SPTCommunicationsControllerImplementationTests" name="testCanonicalLanguageIdentifierToMarketMapContainsCorrectAmountOfItems" time="0.008" />
    <testcase classname="SPTCommunicationsControllerImplementationTests" name="testCanonicalLanguageIdentifierToMarketMapContainsCorrectPairs" time="0.007" />
    <testcase classname="SPTCommunicationsControllerImplementationTests" name="testMarketFromLocaleIdentifierReturnsBrMarketForPtBrLocaleIdentifier" time="0.006" />
    <testcase classname="SPTCommunicationsControllerImplementationTests" name="testMarketFromLocaleIdentifierReturnsBrMarketForPtLocaleIdentifier" time="0.007" />
    <testcase classname="SPTCommunicationsControllerImplementationTests" name="testMarketFromLocaleIdentifierReturnsCaFrMarketForFrCaLocaleIdentifier" time="0.007" />
    <testcase classname="SPTCommunicationsControllerImplementationTests" name="testMarketFromLocaleIdentifierReturnsDefaultMarketForNil" time="0.008" />
    <testcase classname="SPTCommunicationsControllerImplementationTests" name="testMarketFromLocaleIdentifierReturnsDefaultMarketForUnknownLocaleIdentifier" time="0.008" />
    <testcase classname="SPTCommunicationsControllerImplementationTests" name="testMarketFromLocaleIdentifierReturnsFrMarketForUnkonwnVersionOfFrLocaleIdentifier" time="0.007" />
    <testcase classname="SPTCommunicationsControllerImplementationTests" name="testMarketFromLocaleIdentifierReturnsMxMarketForEs419LocaleIdentifier" time="0.008" />
    <testcase classname="SPTCommunicationsControllerImplementationTests" name="testMarketFromLocaleIdentifierReturnsPtMarketForPtPtLocaleIdentifier" time="0.008" />
    <testcase classname="SPTCommunicationsControllerImplementationTests" name="testMarketFromLocaleIdentifierReturnsUsMarketForEnLocaleIdentifier" time="0.007" />
  </testsuite>
  <testsuite failures="0" name="SPTCommunicationsControllerLoggingTests" tests="2">
    <testcase classname="SPTCommunicationsControllerLoggingTests" name="testControllerLogsDidChangeValue" time="0.010" />
    <testcase classname="SPTCommunicationsControllerLoggingTests" name="testControllerLogsWillChangeValue" time="0.008" />
  </testsuite>
  <testsuite failures="0" name="SPTCommunicationsFeatureTests" tests="1">
    <testcase classname="SPTCommunicationsFeatureTests" name="testProvidesCommunicationController" time="0.007" />
  </testsuite>
  <testsuite failures="0" name="SPTCommunicationsSettingTests" tests="5">
    <testcase classname="SPTCommunicationsSettingTests" name="testCreateModelFromEmptyJSONDictionary" time="0.004" />
    <testcase classname="SPTCommunicationsSettingTests" name="testCreateModelFromInvalidEmailJSONDicationary" time="0.004" />
    <testcase classname="SPTCommunicationsSettingTests" name="testCreateModelFromValidEmailJSONDicationary" time="0.004" />
    <testcase classname="SPTCommunicationsSettingTests" name="testCreateModelFromValidMarketingJSONDicationary" time="0.004" />
    <testcase classname="SPTCommunicationsSettingTests" name="testCreateModelFromValidPushJSONDicationary" time="0.004" />
  </testsuite>
  <testsuite failures="0" name="FollowModelTests" tests="13">
    <testcase classname="FollowModelTests" name="testFollowDoesNotToggleWhenAttemptingToFollowOneself" time="0.011" />
    <testcase classname="FollowModelTests" name="testFollowNonAsciiUsername" time="0.009" />
    <testcase classname="FollowModelTests" name="testIsCurrentUserReturnsFalseCorrectly" time="0.008" />
    <testcase classname="FollowModelTests" name="testIsCurrentUserReturnsTrueCorrectly" time="0.008" />
    <testcase classname="FollowModelTests" name="testIsCurrentUserReturnsTrueCorrectlyWithNonStandardEscapedUsername" time="0.006" />
    <testcase classname="FollowModelTests" name="testLoadFollowModelForNonAsciiCurrentUsernameSendsNonMatchingUsernameInRequest" time="0.008" />
    <testcase classname="FollowModelTests" name="testLoadFollowModelForNonAsciiTargetUserSendsNonMatchingTargetUsernameInRequest" time="0.008" />
    <testcase classname="FollowModelTests" name="testLoadFollowModelForValidCurrentUserAndValidTargetUser" time="0.008" />
    <testcase classname="FollowModelTests" name="testLoadFollowModelForValidCurrentUsernameAndTargetUsernameHasMatchingSourceAndTargetURIsInPayload" time="0.008" />
    <testcase classname="FollowModelTests" name="testLoadFollowModelForValidFormatting" time="0.008" />
    <testcase classname="FollowModelTests" name="testObserverNotifiedOfUpdatedFollowState" time="0.007" />
    <testcase classname="FollowModelTests" name="testObserversNotifiedOfFailedAttemptToUpdateFollowState" time="0.008" />
    <testcase classname="FollowModelTests" name="testUnfollowNonAsciiUsername" time="0.008" />
  </testsuite>
  <testsuite failures="0" name="InAppPurchaseControllerImplementationTest" tests="2">
    <testcase classname="InAppPurchaseControllerImplementationTest" name="testDelegateSet" time="0.021" />
    <testcase classname="InAppPurchaseControllerImplementationTest" name="testNotNil" time="0.013" />
  </testsuite>
  <testsuite failures="0" name="InAppPurchaseFeatureImplementationTest" tests="3">
    <testcase classname="InAppPurchaseFeatureImplementationTest" name="testProvideInAppPurchaseControllerWithLegacy" time="0.020" />
    <testcase classname="InAppPurchaseFeatureImplementationTest" name="testProvideInAppPurchaseControllerWithNewStack" time="0.017" />
    <testcase classname="InAppPurchaseFeatureImplementationTest" name="testShouldEnableInAppPurchaseFeature" time="0.018" />
  </testsuite>
  <testsuite failures="0" name="InAppPurchaseModelTests" tests="9">
    <testcase classname="InAppPurchaseModelTests" name="testAvailablePremiumProductIncludes30DayTrial" time="0.011" />
    <testcase classname="InAppPurchaseModelTests" name="testProductAvailability" time="0.011" />
    <testcase classname="InAppPurchaseModelTests" name="testProductAvailabilityStorage" time="0.013" />
    <testcase classname="InAppPurchaseModelTests" name="testProductAvailabilityWithoutIdentifier" time="0.009" />
    <testcase classname="InAppPurchaseModelTests" name="testProductAvailabilityWithoutProduct" time="0.009" />
    <testcase classname="InAppPurchaseModelTests" name="testReceiptRemoval" time="0.008" />
    <testcase classname="InAppPurchaseModelTests" name="testReceiptSaving" time="0.008" />
    <testcase classname="InAppPurchaseModelTests" name="testStateReset" time="0.005" />
    <testcase classname="InAppPurchaseModelTests" name="testUpdateProductIdentifierSavesSetting" time="0.005" />
  </testsuite>
  <testsuite failures="0" name="NSURLPaymentIAPTest" tests="3">
    <testcase classname="NSURLPaymentIAPTest" name="testOffersURL" time="0.005" />
    <testcase classname="NSURLPaymentIAPTest" name="testVerifyNilWithNilAppVersion" time="0.005" />
    <testcase classname="NSURLPaymentIAPTest" name="testVerifyWithAppVersion" time="0.005" />
  </testsuite>
  <testsuite failures="0" name="SPTIAPBuildCheckerTests" tests="5">
    <testcase classname="SPTIAPBuildCheckerTests" name="testBuildDetectorCombinations" time="0.005" />
    <testcase classname="SPTIAPBuildCheckerTests" name="testNilOrEmptySandboxUrlReturnsFalse" time="0.010" />
    <testcase classname="SPTIAPBuildCheckerTests" name="testNonSandboxReceiptShouldFail" time="0.014" />
    <testcase classname="SPTIAPBuildCheckerTests" name="testProductionBuildReturnYesWhenMacroIsSet" time="0.005" />
    <testcase classname="SPTIAPBuildCheckerTests" name="testSandboxReceiptShouldReturnYes" time="0.008" />
  </testsuite>
  <testsuite failures="0" name="SPTIAPControllerCanPurchaseTests" tests="5">
    <testcase classname="SPTIAPControllerCanPurchaseTests" name="testBetaBuildCanCancelPurchase" time="0.022" />
    <testcase classname="SPTIAPControllerCanPurchaseTests" name="testCannotPurchaseShouldCancelsPurchase" time="0.007" />
    <testcase classname="SPTIAPControllerCanPurchaseTests" name="testCanPurchaseDefault" time="0.008" />
    <testcase classname="SPTIAPControllerCanPurchaseTests" name="testPaymentQueueRestrictionCanCancelPurchase" time="0.011" />
[...]
    <testcase classname="SPTLocalFilesCosmosDataSourceTest" name="testLoad" time="0.010" />
  </testsuite>
  <testsuite failures="0" name="SPTLocalFilesITunesDataSourceTest" tests="2">
    <testcase classname="SPTLocalFilesITunesDataSourceTest" name="testRetrievePlaylists" time="0.039" />
    <testcase classname="SPTLocalFilesITunesDataSourceTest" name="testRetrieveSongs" time="0.013" />
  </testsuite>
  <testsuite failures="0" name="SPTLocalFilesImportManagerTest" tests="9">
    <testcase classname="SPTLocalFilesImportManagerTest" name="testEnabledWithLocalSettingsOverride" time="0.006" />
    <testcase classname="SPTLocalFilesImportManagerTest" name="testEnabledWithProductState" time="0.005" />
    <testcase classname="SPTLocalFilesImportManagerTest" name="testEnabledWithProductStateChange" time="0.005" />
    <testcase classname="SPTLocalFilesImportManagerTest" name="testImportJobCancelPlaylistsOnly" time="0.007" />
    <testcase classname="SPTLocalFilesImportManagerTest" name="testImportJobSuccessPlaylistsAndSongs" time="0.017" />
    <testcase classname="SPTLocalFilesImportManagerTest" name="testImportJobSuccessSongsOnly" time="0.008" />
    <testcase classname="SPTLocalFilesImportManagerTest" name="testLogImportButton" time="0.015" />
    <testcase classname="SPTLocalFilesImportManagerTest" name="testLogImportButtonFromPlaylists" time="0.010" />
    <testcase classname="SPTLocalFilesImportManagerTest" name="testProvideViewController" time="0.012" />
  </testsuite>
  <testsuite failures="0" name="SPTLocalFilesImportModelTest" tests="6">
    <testcase classname="SPTLocalFilesImportModelTest" name="testContentFiltered" time="0.006" />
    <testcase classname="SPTLocalFilesImportModelTest" name="testLoad" time="0.016" />
    <testcase classname="SPTLocalFilesImportModelTest" name="testPlaylistImages" time="0.008" />
    <testcase classname="SPTLocalFilesImportModelTest" name="testResetPartialSelectionDownwards" time="0.005" />
    <testcase classname="SPTLocalFilesImportModelTest" name="testSelectAll" time="0.013" />
    <testcase classname="SPTLocalFilesImportModelTest" name="testSelection" time="0.013" />
  </testsuite>
  <testsuite failures="0" name="SPTLocalFilesViewControllerTests" tests="2">
    <testcase classname="SPTLocalFilesViewControllerTests" name="testViewControllerReturnsCorrectPageIdentifier" time="0.005" />
    <testcase classname="SPTLocalFilesViewControllerTests" name="testViewControllerReturnsCorrectPageURI" time="0.004" />
  </testsuite>
  <testsuite failures="0" name="SPTOnboardingNotificationsServiceTest" tests="1">
    <testcase classname="SPTOnboardingNotificationsServiceTest" name="testNoOp" time="0.008" />
  </testsuite>
  <testsuite failures="0" name="SPTMainThreadCheckerTests" tests="12">
    <testcase classname="SPTMainThreadCheckerTests" name="testDataWithContentsOfURLBackgroundThreadCall" time="0.017" />
    <testcase classname="SPTMainThreadCheckerTests" name="testDataWithContentsOfURLMainThreadCall" time="0.040" />
    <testcase classname="SPTMainThreadCheckerTests" name="testDataWithContentsOfURLOptionsErrorBackgroundThreadCall" time="0.011" />
    <testcase classname="SPTMainThreadCheckerTests" name="testDataWithContentsOfURLOptionsErrorMainThreadCall" time="0.022" />
    <testcase classname="SPTMainThreadCheckerTests" name="testDataWithJSONObjectBackgroundThreadCall" time="0.008" />
    <testcase classname="SPTMainThreadCheckerTests" name="testDataWithJSONObjectMainThreadCall" time="0.018" />
    <testcase classname="SPTMainThreadCheckerTests" name="testImageWithDataBackgroundThreadCall" time="0.008" />
    <testcase classname="SPTMainThreadCheckerTests" name="testImageWithDataMainThreadCall" time="0.023" />
    <testcase classname="SPTMainThreadCheckerTests" name="testImageWithDataScaleBackgroundThreadCall" time="0.008" />
    <testcase classname="SPTMainThreadCheckerTests" name="testImageWithDataScaleMainThreadCall" time="0.017" />
    <testcase classname="SPTMainThreadCheckerTests" name="testJSONObjectWithDataBackgroundThreadCall" time="0.006" />
    <testcase classname="SPTMainThreadCheckerTests" name="testJSONObjectWithDataMainThreadCall" time="0.016" />
  </testsuite>
  <testsuite failures="0" name="SPTSlatePresenterTests" tests="9">
    <testcase classname="SPTSlatePresenterTests" name="testDismissCallbacks" time="0.010" />
    <testcase classname="SPTSlatePresenterTests" name="testDismissOnSwipeIfDismissable" time="0.008" />
    <testcase classname="SPTSlatePresenterTests" name="testDismissWithWireframe" time="0.008" />
    <testcase classname="SPTSlatePresenterTests" name="testDoNotDismissOnSwipeIfNotDismissable" time="0.008" />
    <testcase classname="SPTSlatePresenterTests" name="testMatchingViewControllerForPresentAndDismiss" time="0.006" />
    <testcase classname="SPTSlatePresenterTests" name="testPresentSameWithWireframe" time="0.007" />
    <testcase classname="SPTSlatePresenterTests" name="testPresentWithWireframe" time="0.008" />
    <testcase classname="SPTSlatePresenterTests" name="testQueuedWhileBeingDismissed" time="0.008" />
    <testcase classname="SPTSlatePresenterTests" name="testSwipeCallback" time="0.008" />
  </testsuite>
  <testsuite failures="0" name="SPTSlatePrivateViewControllerTests" tests="4">
    <testcase classname="SPTSlatePrivateViewControllerTests" name="testSetPreferredSizeOnChildViewController" time="0.020" />
    <testcase classname="SPTSlatePrivateViewControllerTests" name="testSetShowsDismissLabelHide" time="0.010" />
    <testcase classname="SPTSlatePrivateViewControllerTests" name="testSetShowsDismissLabelShow" time="0.009" />
    <testcase classname="SPTSlatePrivateViewControllerTests" name="testTapCallback" time="0.008" />
  </testsuite>
  <testsuite failures="0" name="SPTSlateTopLevelWireframeTests" tests="6">
    <testcase classname="SPTSlateTopLevelWireframeTests" name="testChildViewLifecycleEvents" time="2.173" />
    <testcase classname="SPTSlateTopLevelWireframeTests" name="testDismissSlateAlsoDismissesWindow" time="1.103" />
    <testcase classname="SPTSlateTopLevelWireframeTests" name="testDismissSlateReleasesViewControllerReferenceFromWindow" time="5.249" />
    <testcase classname="SPTSlateTopLevelWireframeTests" name="testPresentingCreatesWindow" time="0.010" />
    <testcase classname="SPTSlateTopLevelWireframeTests" name="testPresentingMultipleTimesRecyclesWindow" time="0.008" />
    <testcase classname="SPTSlateTopLevelWireframeTests" name="testPresentingWhenWindowIsPresent" time="0.010" />
  </testsuite>
  <testsuite failures="0" name="SlateFeatureImplementationTests" tests="4">
    <testcase classname="SlateFeatureImplementationTests" name="testIdentifier" time="0.005" />
    <testcase classname="SlateFeatureImplementationTests" name="testLoad" time="0.005" />
    <testcase classname="SlateFeatureImplementationTests" name="testProvideSlateManager" time="0.005" />
    <testcase classname="SlateFeatureImplementationTests" name="testUnload" time="0.005" />
  </testsuite>
  <testsuite failures="0" name="BrowseFeatureTests" tests="1">
    <testcase classname="BrowseFeatureTests" name="testProvidingBrowseRedirectButtonProvider" time="0.010" />
  </testsuite>
  <testsuite failures="0" name="SPTBrowseComponentFactoryTest" tests="12">
    <testcase classname="SPTBrowseComponentFactoryTest" name="testReturningNilComponentForEmptyName" time="0.007" />
    <testcase classname="SPTBrowseComponentFactoryTest" name="testReturningNilComponentForNotSupportedName" time="0.008" />
    <testcase classname="SPTBrowseComponentFactoryTest" name="testReturningNilObjectForNotSupportedComponentName_outlinedCardsPrototypeEnabled" time="0.008" />
    <testcase classname="SPTBrowseComponentFactoryTest" name="testReturningNilObjectForNotSupportedComponentName_twoColumnPrototypeEnabled" time="0.007" />
    <testcase classname="SPTBrowseComponentFactoryTest" name="testReturningRightObjectForCardComponentName" time="0.008" />
    <testcase classname="SPTBrowseComponentFactoryTest" name="testReturningRightObjectForCardComponentName_outlinedCardsPrototypeEnabled" time="0.007" />
    <testcase classname="SPTBrowseComponentFactoryTest" name="testReturningRightObjectForCloudComponentName" time="0.006" />
    <testcase classname="SPTBrowseComponentFactoryTest" name="testReturningRightObjectForCloudComponentName_twoColumnPrototypeEnabled" time="0.008" />
    <testcase classname="SPTBrowseComponentFactoryTest" name="testReturningRightObjectForCompactCardComponentName" time="0.006" />
    <testcase classname="SPTBrowseComponentFactoryTest" name="testReturningRightObjectForOutlinedCardComponentName" time="0.004" />
    <testcase classname="SPTBrowseComponentFactoryTest" name="testReturningRightObjectForPrototypeComponentName_outlinedCardsPrototypeEnabled" time="0.005" />
    <testcase classname="SPTBrowseComponentFactoryTest" name="testReturningRightObjectForPrototypeComponentName_twoColumnPrototypeEnabled" time="0.020" />
  </testsuite>
  <testsuite failures="0" name="SPTBrowseOutlinedTextPresenterTest" tests="6">
    <testcase classname="SPTBrowseOutlinedTextPresenterTest" name="testReturningPreferredSizeNotGreaterThanTheBoundingRectSize" time="0.031" />
    <testcase classname="SPTBrowseOutlinedTextPresenterTest" name="testReturningZeroPreferredSizeForEmptyText" time="0.025" />
    <testcase classname="SPTBrowseOutlinedTextPresenterTest" name="testReturningZeroPreferredSizeForNilText" time="0.024" />
    <testcase classname="SPTBrowseOutlinedTextPresenterTest" name="testThatViewHasNoTextAndNoColorIfTitleIsNotProvided" time="0.025" />
    <testcase classname="SPTBrowseOutlinedTextPresenterTest" name="testThatViewHasTheProvidedTextAndColor" time="0.024" />
    <testcase classname="SPTBrowseOutlinedTextPresenterTest" name="testThatViewHasTheProvidedTextAndNoColorIfNotProvided" time="0.024" />
  </testsuite>
  <testsuite failures="0" name="SPTBrowseRedirectButtonProviderImplementationTest" tests="17">
    <testcase classname="SPTBrowseRedirectButtonProviderImplementationTest" name="testNavigateToBrowse" time="0.026" />
    <testcase classname="SPTBrowseRedirectButtonProviderImplementationTest" name="testRedirectToBrowse" time="0.005" />
    <testcase classname="SPTBrowseRedirectButtonProviderImplementationTest" name="testRedirectToBrowseFromAlbums" time="0.005" />
    <testcase classname="SPTBrowseRedirectButtonProviderImplementationTest" name="testRedirectToBrowseFromAlbums_browseSearchEnabled" time="0.005" />
    <testcase classname="SPTBrowseRedirectButtonProviderImplementationTest" name="testRedirectToBrowseFromArtist" time="0.005" />
    <testcase classname="SPTBrowseRedirectButtonProviderImplementationTest" name="testRedirectToBrowseFromArtist_browseSearchEnabled" time="0.005" />
    <testcase classname="SPTBrowseRedirectButtonProviderImplementationTest" name="testRedirectToBrowseFromDiscover" time="0.006" />
    <testcase classname="SPTBrowseRedirectButtonProviderImplementationTest" name="testRedirectToBrowseFromDiscover_browseSearchEnabled" time="0.005" />
    <testcase classname="SPTBrowseRedirectButtonProviderImplementationTest" name="testRedirectToBrowseFromDiscover_browseSearchEnabled_preferredTitle" time="0.005" />
    <testcase classname="SPTBrowseRedirectButtonProviderImplementationTest" name="testRedirectToBrowseFromDiscover_preferredTitle" time="0.005" />
    <testcase classname="SPTBrowseRedirectButtonProviderImplementationTest" name="testRedirectToBrowseFromPlaylists" time="0.006" />
    <testcase classname="SPTBrowseRedirectButtonProviderImplementationTest" name="testRedirectToBrowseFromPlaylists_browseSearchEnabled" time="0.005" />
    <testcase classname="SPTBrowseRedirectButtonProviderImplementationTest" name="testRedirectToBrowseFromSongs" time="0.005" />
    <testcase classname="SPTBrowseRedirectButtonProviderImplementationTest" name="testRedirectToBrowseFromSongs_browseSearchEnabled" time="0.007" />
    <testcase classname="SPTBrowseRedirectButtonProviderImplementationTest" name="testRedirectToBrowseFromUserProfile" time="0.005" />
    <testcase classname="SPTBrowseRedirectButtonProviderImplementationTest" name="testRedirectToBrowseFromUserProfile_browseSearchEnabled" time="0.006" />
    <testcase classname="SPTBrowseRedirectButtonProviderImplementationTest" name="testRedirectToBrowseFromUserProfile_preferredTitle" time="0.006" />
  </testsuite>
  <testsuite failures="0" name="SPTCosmosDataLoaderFieldsFactoryTests" tests="4">
    <testcase classname="SPTCosmosDataLoaderFieldsFactoryTests" name="testBuilder" time="0.001" />
    <testcase classname="SPTCosmosDataLoaderFieldsFactoryTests" name="testPartialBuilder" time="0.001" />
    <testcase classname="SPTCosmosDataLoaderFieldsFactoryTests" name="testPartialPolicyGeneration" time="0.000" />
    <testcase classname="SPTCosmosDataLoaderFieldsFactoryTests" name="testPolicyGeneration" time="0.001" />
  </testsuite>
  <testsuite failures="0" name="SPTCollectionOverviewNavigationHubContentOperationTests" tests="1">
    <testcase classname="SPTCollectionOverviewNavigationHubContentOperationTests" name="testIdentifiersSetup" time="0.009" />
  </testsuite>
  <testsuite failures="0" name="SPTPushNotificationActionRegistryImplementationTest" tests="4">
    <testcase classname="SPTPushNotificationActionRegistryImplementationTest" name="testClearPendingActions" time="0.014" />
    <testcase classname="SPTPushNotificationActionRegistryImplementationTest" name="testEnabled" time="0.013" />
    <testcase classname="SPTPushNotificationActionRegistryImplementationTest" name="testRegisterAction" time="0.010" />
    <testcase classname="SPTPushNotificationActionRegistryImplementationTest" name="testSendActionForIdentifier" time="0.014" />
  </testsuite>
  <testsuite failures="0" name="SPTPushNotificationControllerTest" tests="4">
    <testcase classname="SPTPushNotificationControllerTest" name="testApplicationHandleActionWithIdentifierForLocalNotification" time="0.011" />
    <testcase classname="SPTPushNotificationControllerTest" name="testHandleIncomingNotificationForIdentifier" time="0.015" />
    <testcase classname="SPTPushNotificationControllerTest" name="testPushNotificationsActionRegistryEnabledAfterLogin" time="0.008" />
    <testcase classname="SPTPushNotificationControllerTest" name="testPushNotificationsActionRegistryEnabledAfterLogoff" time="0.005" />
  </testsuite>
  <testsuite failures="0" name="SPTPushNotificationsFeatureTests" tests="4">
    <testcase classname="SPTPushNotificationsFeatureTests" name="testPushNotificationActionRegistryConformsToProtocol" time="0.007" />
    <testcase classname="SPTPushNotificationsFeatureTests" name="testPushNotificationActionRegistryIsNotNil" time="0.008" />
    <testcase classname="SPTPushNotificationsFeatureTests" name="testPushNotificationControllerConformsToProtocol" time="0.005" />
    <testcase classname="SPTPushNotificationsFeatureTests" name="testPushNotificationControllerIsNotNil" time="0.004" />
  </testsuite>
  <testsuite failures="0" name="SPTPushNotificationsPrePermissionLoggerTest" tests="3">
    <testcase classname="SPTPushNotificationsPrePermissionLoggerTest" name="testInjectionsAreNotNil" time="0.008" />
    <testcase classname="SPTPushNotificationsPrePermissionLoggerTest" name="testLogPrePermissionDialogImpression" time="0.008" />
    <testcase classname="SPTPushNotificationsPrePermissionLoggerTest" name="testLogPrePermissionDialogUserResponseWithPositiveResponse" time="0.007" />
  </testsuite>
  <testsuite failures="0" name="SPTPushNotificationsPrePermissionManagerTests" tests="15">
    <testcase classname="SPTPushNotificationsPrePermissionManagerTests" name="testInjectionsAreNotNil" time="0.029" />
    <testcase classname="SPTPushNotificationsPrePermissionManagerTests" name="testPersistAnswerToDidUserAcceptSpam" time="0.007" />
    <testcase classname="SPTPushNotificationsPrePermissionManagerTests" name="testPersistAnswerToDidUserAcceptSpamLogsImpression" time="0.006" />
    <testcase classname="SPTPushNotificationsPrePermissionManagerTests" name="testPersistAnswerToDidUserAcceptSpamLogsImpressionRegistersAppForRemoteNotifications" time="0.005" />
    <testcase classname="SPTPushNotificationsPrePermissionManagerTests" name="testPersistNegativeAnswerToDidUserAcceptSpamLogsImpressionRegistersAppForRemoteNotifications" time="0.005" />
    <testcase classname="SPTPushNotificationsPrePermissionManagerTests" name="testPresentSpamDialogIsCalledMultipleTimesConsecutively" time="0.010" />
    <testcase classname="SPTPushNotificationsPrePermissionManagerTests" name="testSpamDialogIsLoggingImpression" time="0.009" />
    <testcase classname="SPTPushNotificationsPrePermissionManagerTests" name="testSpamDialogIsUpdatingLastTimeAskedTimestamp" time="0.005" />
    <testcase classname="SPTPushNotificationsPrePermissionManagerTests" name="testSpamDialogIsUpdatingNumberOfTimesAsked" time="0.006" />
    <testcase classname="SPTPushNotificationsPrePermissionManagerTests" name="testUnregisterAppForRemoteNotificationsRemoveKeysFromUserDefaults" time="0.005" />
    <testcase classname="SPTPushNotificationsPrePermissionManagerTests" name="testUnregisterApplicationForRemoteNotifications" time="0.005" />
    <testcase classname="SPTPushNotificationsPrePermissionManagerTests" name="testUserDidAcceptSpamRegistersApplicationForRemoteNotifications" time="0.005" />
    <testcase classname="SPTPushNotificationsPrePermissionManagerTests" name="testUserDidNotAcceptSpamAtMaxNumberOfTimes" time="0.006" />
    <testcase classname="SPTPushNotificationsPrePermissionManagerTests" name="testUserDidNotAcceptSpamBeforeMaxNumberOfTimes" time="0.006" />
    <testcase classname="SPTPushNotificationsPrePermissionManagerTests" name="testUserDidNotAcceptSpamBeforeMaxNumberOfTimesButAskingTooSoon" time="0.005" />
  </testsuite>
  <testsuite failures="0" name="SPTDynamoRemoteContentURLResolverTests" tests="7">
    <testcase classname="SPTDynamoRemoteContentURLResolverTests" name="testRemoteHubContentURLForEndpointPathForExternalDataAlwaysReturnsNil" time="0.008" />
    <testcase classname="SPTDynamoRemoteContentURLResolverTests" name="testTemoteHubContentURLForViewURIPreservesQueryParameters" time="0.009" />
    <testcase classname="SPTDynamoRemoteContentURLResolverTests" name="testTemoteHubContentURLForViewURIWhenNilViewURIReturnsNil" time="0.006" />
    <testcase classname="SPTDynamoRemoteContentURLResolverTests" name="testTemoteHubContentURLForViewURIWhenTooLongIdentifierReturnsNil" time="0.007" />
    <testcase classname="SPTDynamoRemoteContentURLResolverTests" name="testTemoteHubContentURLForViewURIWhenTooShortIdentifierReturnsNil" time="0.008" />
    <testcase classname="SPTDynamoRemoteContentURLResolverTests" name="testTemoteHubContentURLForViewURIWhenValidIdentifierReturnsURL" time="0.005" />
    <testcase classname="SPTDynamoRemoteContentURLResolverTests" name="testTemoteHubContentURLForViewURIWhenWrongPrefixReturnsNil" time="0.004" />
  </testsuite>
  <testsuite failures="0" name="SPTDynamoServiceImplementationTests" tests="6">
    <testcase classname="SPTDynamoServiceImplementationTests" name="testDynamoPageURLForIdentifierWithEmptyIdentifierReturnsNil" time="0.018" />
    <testcase classname="SPTDynamoServiceImplementationTests" name="testDynamoPageURLForIdentifierWithNilIdentifierReturnsNil" time="0.007" />
    <testcase classname="SPTDynamoServiceImplementationTests" name="testDynamoPageURLForIdentifierWithTooLongIdentifierReturnsNil" time="0.008" />
    <testcase classname="SPTDynamoServiceImplementationTests" name="testDynamoPageURLForIdentifierWithTooShortIdentifierReturnsNil" time="0.007" />
    <testcase classname="SPTDynamoServiceImplementationTests" name="testDynamoPageURLForIdentifierWithValidIdentifierReturnsURL" time="0.008" />
    <testcase classname="SPTDynamoServiceImplementationTests" name="testServiceIdentifierValueIsEqualToConstant" time="0.007" />
  </testsuite>
</testsuites>
